TN:
SF:src\app.config.ts
FN:20,createApiTypeOrmOptions
FN:44,createAppConfigurationSchema
FNF:2
FNH:2
FNDA:1,createApiTypeOrmOptions
FNDA:11,createAppConfigurationSchema
DA:1,1
DA:4,1
DA:20,1
DA:24,1
DA:44,1
DA:45,11
LF:6
LH:6
BRDA:31,0,0,1
BRDA:31,0,1,0
BRDA:32,1,0,1
BRDA:32,1,1,0
BRDA:33,2,0,1
BRDA:33,2,1,0
BRDA:37,3,0,0
BRDA:37,3,1,1
BRF:8
BRH:4
end_of_record
TN:
SF:src\main.ts
FN:24,bootstrap
FN:35,(anonymous_2)
FN:64,(anonymous_3)
FN:96,(anonymous_4)
FNF:4
FNH:0
FNDA:0,bootstrap
FNDA:0,(anonymous_2)
FNDA:0,(anonymous_3)
FNDA:0,(anonymous_4)
DA:1,0
DA:2,0
DA:3,0
DA:5,0
DA:6,0
DA:8,0
DA:9,0
DA:25,0
DA:28,0
DA:32,0
DA:33,0
DA:36,0
DA:37,0
DA:43,0
DA:56,0
DA:64,0
DA:65,0
DA:66,0
DA:70,0
DA:73,0
DA:74,0
DA:79,0
DA:82,0
DA:87,0
DA:90,0
DA:94,0
DA:96,0
DA:97,0
DA:105,0
DA:106,0
DA:118,0
DA:119,0
DA:122,0
DA:123,0
DA:126,0
LF:35
LH:0
BRDA:32,0,0,0
BRDA:59,1,0,0
BRDA:59,1,1,0
BRDA:65,2,0,0
BRDA:65,3,0,0
BRDA:65,3,1,0
BRDA:73,4,0,0
BRDA:73,5,0,0
BRDA:73,5,1,0
BRDA:94,6,0,0
BRDA:94,6,1,0
BRDA:105,7,0,0
BRDA:122,8,0,0
BRDA:122,8,1,0
BRF:14
BRH:0
end_of_record
TN:
SF:src\cli\reencrypt-aes.ts
FN:39,ensureCliEnvLoaded
FN:69,parseArgs
FN:109,printHelp
FN:129,(anonymous_3)
FN:133,resolveMode
FN:143,loadKeys
FN:175,main
FNF:7
FNH:3
FNDA:0,ensureCliEnvLoaded
FNDA:13,parseArgs
FNDA:0,printHelp
FNDA:0,(anonymous_3)
FNDA:4,resolveMode
FNDA:8,loadKeys
FNDA:0,main
DA:24,1
DA:25,1
DA:26,1
DA:27,1
DA:28,1
DA:33,1
DA:41,0
DA:46,0
DA:47,0
DA:51,0
DA:52,0
DA:53,0
DA:54,0
DA:69,1
DA:70,13
DA:77,13
DA:78,14
DA:79,2
DA:80,2
DA:82,12
DA:83,3
DA:84,3
DA:86,9
DA:87,1
DA:88,1
DA:90,8
DA:91,2
DA:92,2
DA:94,6
DA:95,5
DA:96,5
DA:97,2
DA:99,5
DA:102,1
DA:103,1
DA:106,13
DA:110,0
DA:129,0
DA:133,1
DA:134,4
DA:135,2
DA:137,2
DA:138,1
DA:140,1
DA:143,1
DA:144,8
DA:145,8
DA:146,3
DA:151,5
DA:152,5
DA:153,5
DA:156,3
DA:157,1
DA:161,2
DA:162,1
DA:166,2
DA:169,4
DA:176,0
DA:178,0
DA:179,0
DA:180,0
DA:181,0
DA:184,0
DA:185,0
DA:186,0
DA:189,0
DA:190,0
DA:192,0
DA:193,0
DA:198,0
DA:200,0
DA:201,0
DA:203,0
DA:204,0
DA:205,0
DA:213,0
DA:215,0
DA:216,0
DA:217,0
DA:218,0
DA:219,0
DA:223,0
DA:226,0
DA:227,0
DA:228,0
DA:230,0
DA:231,0
DA:235,0
DA:241,1
DA:242,0
LF:90
LH:49
BRDA:46,0,0,0
BRDA:78,1,0,2
BRDA:78,2,0,14
BRDA:78,2,1,13
BRDA:82,3,0,3
BRDA:82,4,0,12
BRDA:82,4,1,10
BRDA:86,5,0,1
BRDA:90,6,0,2
BRDA:94,7,0,5
BRDA:96,8,0,2
BRDA:96,9,0,5
BRDA:96,9,1,4
BRDA:134,10,0,2
BRDA:137,11,0,1
BRDA:145,12,0,3
BRDA:145,13,0,8
BRDA:145,13,1,7
BRDA:145,13,2,6
BRDA:153,14,0,3
BRDA:156,15,0,1
BRDA:161,16,0,1
BRDA:179,17,0,0
BRDA:184,18,0,0
BRDA:184,19,0,0
BRDA:184,19,1,0
BRDA:192,20,0,0
BRDA:192,21,0,0
BRDA:192,21,1,0
BRDA:198,22,0,0
BRDA:198,22,1,0
BRDA:215,23,0,0
BRDA:215,23,1,0
BRDA:218,24,0,0
BRDA:218,24,1,0
BRDA:218,25,0,0
BRDA:218,25,1,0
BRDA:226,26,0,0
BRDA:226,26,1,0
BRDA:230,27,0,0
BRDA:241,28,0,0
BRF:41
BRH:21
end_of_record
TN:
SF:src\common\crypto\aes-gcm.util.ts
FN:7,isHexSegment
FN:19,looksLikeEncryptedAesGcm
FN:36,isWeakMfaEncryptionKeyHex
FN:57,(anonymous_12)
FN:79,(anonymous_13)
FN:90,parseEncryptionKeyHex
FN:97,loadAesGcmKeyPair
FN:115,encryptAes256Gcm
FN:123,decryptWithKey
FN:140,decryptAes256Gcm
FNF:10
FNH:10
FNDA:88,isHexSegment
FNDA:42,looksLikeEncryptedAesGcm
FNDA:25,isWeakMfaEncryptionKeyHex
FNDA:9,(anonymous_12)
FNDA:2,(anonymous_13)
FNDA:235,parseEncryptionKeyHex
FNDA:222,loadAesGcmKeyPair
FNDA:51,encryptAes256Gcm
FNDA:107,decryptWithKey
FNDA:100,decryptAes256Gcm
DA:1,30
DA:2,30
DA:5,30
DA:8,88
DA:9,1
DA:12,87
DA:19,30
DA:20,42
DA:21,42
DA:22,12
DA:25,30
DA:27,30
DA:36,30
DA:37,25
DA:38,0
DA:41,25
DA:42,25
DA:43,7
DA:47,18
DA:54,30
DA:58,9
DA:59,6
DA:61,3
DA:75,30
DA:80,2
DA:81,0
DA:83,2
DA:90,30
DA:91,235
DA:97,30
DA:101,222
DA:102,222
DA:104,222
DA:108,222
DA:115,30
DA:116,51
DA:117,51
DA:118,51
DA:119,51
DA:120,51
DA:124,107
DA:125,107
DA:126,32
DA:129,75
DA:130,75
DA:131,75
DA:132,75
DA:133,75
DA:134,75
DA:140,30
DA:145,100
DA:146,100
DA:148,51
DA:149,44
DA:152,7
DA:153,7
DA:155,1
LF:57
LH:55
BRDA:8,0,0,1
BRDA:8,1,0,88
BRDA:8,1,1,88
BRDA:8,1,2,59
BRDA:12,2,0,87
BRDA:12,2,1,87
BRDA:21,3,0,12
BRDA:28,4,0,30
BRDA:28,4,1,29
BRDA:28,4,2,29
BRDA:28,5,0,30
BRDA:28,5,1,0
BRDA:28,6,0,29
BRDA:28,6,1,0
BRDA:28,7,0,29
BRDA:28,7,1,0
BRDA:37,8,0,0
BRDA:42,9,0,7
BRDA:42,10,0,25
BRDA:42,10,1,21
BRDA:58,11,0,6
BRDA:80,12,0,0
BRDA:80,13,0,2
BRDA:80,13,1,2
BRDA:80,13,2,2
BRDA:104,14,0,0
BRDA:104,14,1,222
BRDA:104,15,0,222
BRDA:104,15,1,0
BRDA:125,16,0,32
BRDA:148,17,0,44
BRF:31
BRH:24
end_of_record
TN:
SF:src\common\crypto\hash-document.util.ts
FN:8,hashDocumentNumber
FNF:1
FNH:1
FNDA:21,hashDocumentNumber
DA:1,15
DA:8,15
DA:9,21
LF:3
LH:3
BRF:0
BRH:0
end_of_record
TN:
SF:src\common\crypto\hash-email.util.ts
FN:7,hashEmail
FNF:1
FNH:1
FNDA:122,hashEmail
DA:1,32
DA:7,32
DA:8,122
LF:3
LH:3
BRF:0
BRH:0
end_of_record
TN:
SF:src\common\crypto\reencrypt-aes.db-adapter.ts
FN:12,(anonymous_0)
FN:14,(anonymous_1)
FN:22,(anonymous_2)
FN:25,(anonymous_3)
FN:40,(anonymous_4)
FN:50,(anonymous_5)
FN:55,(anonymous_6)
FN:73,(anonymous_7)
FN:81,(anonymous_8)
FN:99,(anonymous_9)
FN:102,(anonymous_10)
FN:121,(anonymous_11)
FNF:12
FNH:12
FNDA:15,(anonymous_0)
FNDA:2,(anonymous_1)
FNDA:2,(anonymous_2)
FNDA:2,(anonymous_3)
FNDA:7,(anonymous_4)
FNDA:3,(anonymous_5)
FNDA:4,(anonymous_6)
FNDA:2,(anonymous_7)
FNDA:3,(anonymous_8)
FNDA:2,(anonymous_9)
FNDA:3,(anonymous_10)
FNDA:1,(anonymous_11)
DA:2,2
DA:11,2
DA:12,15
DA:15,2
DA:22,2
DA:26,2
DA:37,2
DA:46,7
DA:47,3
DA:50,4
DA:51,3
DA:61,4
DA:62,1
DA:66,1
DA:69,3
DA:70,1
DA:73,2
DA:74,2
DA:86,3
DA:99,3
DA:108,3
DA:121,2
LF:22
LH:22
BRDA:46,0,0,3
BRDA:61,1,0,1
BRDA:69,2,0,1
BRF:3
BRH:3
end_of_record
TN:
SF:src\common\crypto\reencrypt-aes.orchestrator.ts
FN:78,assertSqlIdent
FN:84,emptyMetrics
FN:97,sumMetrics
FN:123,classifyCiphertext
FN:149,processTarget
FN:233,runReencryptAes
FN:255,(anonymous_6)
FN:305,formatReencryptReport
FNF:8
FNH:8
FNDA:30,assertSqlIdent
FNDA:10,emptyMetrics
FNDA:7,sumMetrics
FNDA:13,classifyCiphertext
FNDA:10,processTarget
FNDA:7,runReencryptAes
FNDA:3,(anonymous_6)
FNDA:1,formatReencryptReport
DA:1,2
DA:2,2
DA:76,2
DA:79,30
DA:80,0
DA:85,10
DA:98,7
DA:108,7
DA:109,10
DA:110,10
DA:111,10
DA:112,10
DA:113,10
DA:114,10
DA:117,7
DA:123,2
DA:128,13
DA:129,1
DA:132,12
DA:133,12
DA:134,4
DA:136,8
DA:137,0
DA:140,8
DA:141,8
DA:142,6
DA:144,2
DA:155,10
DA:156,10
DA:157,10
DA:159,10
DA:160,10
DA:161,10
DA:162,1
DA:163,1
DA:166,9
DA:167,9
DA:169,9
DA:170,9
DA:171,9
DA:172,0
DA:175,9
DA:176,10
DA:177,0
DA:180,10
DA:182,10
DA:183,1
DA:184,1
DA:185,0
DA:187,1
DA:189,1
DA:192,9
DA:194,9
DA:195,3
DA:196,3
DA:199,6
DA:200,1
DA:201,1
DA:205,5
DA:206,5
DA:207,5
DA:209,5
DA:210,3
DA:213,5
DA:215,0
DA:219,9
DA:220,9
DA:223,0
DA:226,9
DA:233,2
DA:237,7
DA:238,7
DA:239,7
DA:240,7
DA:242,7
DA:245,7
DA:246,5
DA:247,5
DA:248,5
DA:253,7
DA:254,7
DA:255,7
DA:257,7
DA:258,0
DA:263,7
DA:264,5
DA:265,5
DA:266,5
DA:271,7
DA:273,7
DA:274,1
DA:275,6
DA:277,3
DA:280,3
DA:286,7
DA:292,7
DA:305,2
DA:306,1
DA:312,1
DA:313,1
DA:319,0
DA:322,1
DA:327,1
DA:329,1
LF:104
LH:95
BRDA:79,0,0,0
BRDA:128,1,0,1
BRDA:136,2,0,0
BRDA:161,3,0,1
BRDA:166,4,0,0
BRDA:166,4,1,9
BRDA:166,5,0,9
BRDA:166,5,1,0
BRDA:171,6,0,0
BRDA:176,7,0,0
BRDA:176,8,0,10
BRDA:176,8,1,10
BRDA:176,8,2,10
BRDA:182,9,0,1
BRDA:194,10,0,3
BRDA:199,11,0,1
BRDA:199,12,0,6
BRDA:199,12,1,5
BRDA:209,13,0,3
BRDA:219,14,0,9
BRDA:237,15,0,7
BRDA:237,15,1,0
BRDA:238,16,0,7
BRDA:238,16,1,0
BRDA:245,17,0,5
BRDA:245,18,0,7
BRDA:245,18,1,2
BRDA:253,19,0,7
BRDA:253,20,0,7
BRDA:253,20,1,2
BRDA:255,21,0,2
BRDA:255,21,1,5
BRDA:257,22,0,0
BRDA:257,23,0,7
BRDA:257,23,1,2
BRDA:257,23,2,2
BRDA:273,24,0,1
BRDA:273,24,1,6
BRDA:275,25,0,3
BRDA:275,25,1,3
BRDA:286,26,0,1
BRDA:286,26,1,6
BRDA:287,27,0,1
BRDA:287,27,1,0
BRDA:288,28,0,3
BRDA:288,28,1,3
BRDA:313,29,0,0
BRDA:314,30,0,1
BRDA:314,30,1,0
BRDA:314,30,2,0
BRDA:314,30,3,0
BRDA:323,31,0,0
BRDA:323,31,1,1
BRDA:327,32,0,1
BRDA:327,32,1,0
BRF:55
BRH:39
end_of_record
TN:
SF:src\common\crypto\reencrypt-aes.targets.ts
FNF:0
FNH:0
DA:28,2
DA:51,2
DA:212,2
LF:3
LH:3
BRF:0
BRH:0
end_of_record
TN:
SF:src\common\filters\tenant-context-missing.filter.ts
FN:23,(anonymous_1)
FNF:1
FNH:0
FNDA:0,(anonymous_1)
DA:1,0
DA:3,0
DA:20,0
DA:21,0
DA:24,0
DA:25,0
DA:28,0
DA:29,0
DA:30,0
DA:36,0
DA:40,0
LF:11
LH:0
BRDA:24,0,0,0
BRDA:37,1,0,0
BRDA:37,1,1,0
BRDA:37,2,0,0
BRDA:37,2,1,0
BRF:5
BRH:0
end_of_record
TN:
SF:src\common\pagination\apply-sort.ts
FN:27,applySort
FNF:1
FNH:1
FNDA:38,applySort
DA:27,126
DA:34,38
DA:35,3
DA:36,3
DA:38,3
DA:39,3
DA:40,3
DA:42,35
LF:8
LH:8
BRDA:32,0,0,37
BRDA:34,1,0,3
BRDA:34,2,0,38
BRDA:34,2,1,5
BRDA:35,3,0,3
BRDA:35,3,1,1
BRF:6
BRH:6
end_of_record
TN:
SF:src\common\pagination\build-page-meta.ts
FN:9,buildPageMeta
FN:46,buildCursorMeta
FNF:2
FNH:2
FNDA:91,buildPageMeta
FNDA:21,buildCursorMeta
DA:9,126
DA:18,91
DA:20,91
DA:21,91
DA:23,91
DA:25,91
DA:46,126
DA:61,21
DA:62,21
LF:9
LH:9
BRDA:18,0,0,11
BRDA:18,1,0,26
BRDA:20,2,0,91
BRDA:20,2,1,0
BRDA:23,3,0,1
BRDA:23,3,1,90
BRDA:23,4,0,91
BRDA:23,4,1,2
BRDA:58,5,0,20
BRDA:59,6,0,8
BRDA:60,7,0,21
BRF:11
BRH:10
end_of_record
TN:
SF:src\common\pagination\clamp-limit.ts
FN:10,clampLimit
FN:97,(anonymous_1)
FN:109,(anonymous_2)
FN:118,assertExclusivePageCursor
FN:134,sliceDateIdDescPage
FNF:5
FNH:5
FNDA:118,clampLimit
FNDA:41,(anonymous_1)
FNDA:36,(anonymous_2)
FNDA:27,assertExclusivePageCursor
FNDA:12,sliceDateIdDescPage
DA:1,122
DA:7,122
DA:8,122
DA:10,122
DA:15,118
DA:16,32
DA:18,86
DA:19,86
DA:20,83
DA:24,122
DA:26,122
DA:28,122
DA:35,122
DA:37,122
DA:39,122
DA:41,122
DA:43,122
DA:45,122
DA:91,122
DA:94,122
DA:97,41
DA:106,122
DA:109,36
DA:118,122
DA:122,27
DA:123,2
DA:131,122
DA:134,122
DA:139,12
DA:140,12
DA:141,12
DA:142,12
LF:32
LH:32
BRDA:12,0,0,105
BRDA:13,1,0,107
BRDA:15,2,0,32
BRDA:15,3,0,118
BRDA:15,3,1,89
BRDA:15,3,2,88
BRDA:19,4,0,3
BRDA:97,5,0,20
BRDA:97,5,1,21
BRDA:97,6,0,41
BRDA:97,6,1,41
BRDA:97,6,2,41
BRDA:109,7,0,19
BRDA:109,7,1,17
BRDA:109,8,0,36
BRDA:109,8,1,36
BRDA:109,8,2,36
BRDA:122,9,0,2
BRDA:122,10,0,27
BRDA:122,10,1,9
BRDA:140,11,0,2
BRDA:140,11,1,10
BRDA:146,12,0,4
BRDA:146,12,1,8
BRF:24
BRH:24
end_of_record
TN:
SF:src\common\pagination\clamp-page.ts
FN:15,clampPage
FNF:1
FNH:1
FNDA:147,clampPage
DA:1,136
DA:13,136
DA:15,136
DA:20,147
DA:26,8
DA:29,139
DA:30,3
DA:33,136
DA:34,3
DA:37,133
DA:38,19
DA:41,114
LF:12
LH:12
BRDA:18,0,0,145
BRDA:20,1,0,8
BRDA:21,2,0,147
BRDA:21,2,1,144
BRDA:21,2,2,143
BRDA:21,2,3,141
BRDA:29,3,0,3
BRDA:33,4,0,3
BRDA:37,5,0,19
BRF:9
BRH:9
end_of_record
TN:
SF:src\common\pagination\cursor-codec.ts
FN:12,encodePayload
FN:20,decodePayload
FN:59,encodeDateIdCursor
FN:64,decodeDateIdCursor
FN:72,buildDateIdNextCursor
FN:84,dateIdDescCursorWhere
FN:88,dateIdDescCursorParams
FN:100,encodeNameIdCursor
FN:104,decodeNameIdCursor
FN:112,buildNameIdNextCursor
FN:124,encodeCodeIdCursor
FN:128,decodeCodeIdCursor
FN:136,buildCodeIdNextCursor
FN:148,encodeSortNameIdCursor
FN:152,decodeSortNameIdCursor
FN:161,buildSortNameIdNextCursor
FN:169,sortNameIdAscCursorWhere
FN:177,sortNameIdAscCursorParams
FN:194,encodeActiveNameIdCursor
FN:198,decodeActiveNameIdCursor
FN:210,buildActiveNameIdNextCursor
FN:222,encodeCategoryRankNameIdCursor
FN:226,decodeCategoryRankNameIdCursor
FN:242,buildCategoryRankNameIdNextCursor
FN:256,encodeAuditCursor
FN:261,decodeAuditCursor
FNF:26
FNH:25
FNDA:31,encodePayload
FNDA:33,decodePayload
FNDA:10,encodeDateIdCursor
FNDA:10,decodeDateIdCursor
FNDA:20,buildDateIdNextCursor
FNDA:1,dateIdDescCursorWhere
FNDA:1,dateIdDescCursorParams
FNDA:4,encodeNameIdCursor
FNDA:4,decodeNameIdCursor
FNDA:5,buildNameIdNextCursor
FNDA:3,encodeCodeIdCursor
FNDA:2,decodeCodeIdCursor
FNDA:5,buildCodeIdNextCursor
FNDA:4,encodeSortNameIdCursor
FNDA:4,decodeSortNameIdCursor
FNDA:2,buildSortNameIdNextCursor
FNDA:1,sortNameIdAscCursorWhere
FNDA:1,sortNameIdAscCursorParams
FNDA:3,encodeActiveNameIdCursor
FNDA:3,decodeActiveNameIdCursor
FNDA:1,buildActiveNameIdNextCursor
FNDA:2,encodeCategoryRankNameIdCursor
FNDA:3,decodeCategoryRankNameIdCursor
FNDA:0,buildCategoryRankNameIdNextCursor
FNDA:3,encodeAuditCursor
FNDA:4,decodeAuditCursor
DA:1,123
DA:12,123
DA:13,31
DA:20,123
DA:21,33
DA:22,33
DA:23,33
DA:24,30
DA:25,1
DA:27,29
DA:29,4
DA:59,123
DA:60,10
DA:61,10
DA:64,123
DA:65,10
DA:66,9
DA:67,0
DA:69,9
DA:72,123
DA:76,20
DA:77,5
DA:84,123
DA:85,1
DA:88,123
DA:92,1
DA:93,1
DA:100,123
DA:101,4
DA:104,123
DA:105,4
DA:106,3
DA:107,0
DA:109,3
DA:112,123
DA:116,5
DA:117,2
DA:124,123
DA:125,3
DA:128,123
DA:129,2
DA:130,2
DA:131,0
DA:133,2
DA:136,123
DA:140,5
DA:141,2
DA:148,123
DA:149,4
DA:152,123
DA:153,4
DA:154,4
DA:155,4
DA:156,0
DA:158,4
DA:161,123
DA:165,2
DA:166,1
DA:169,123
DA:170,1
DA:177,123
DA:182,1
DA:183,1
DA:194,123
DA:195,3
DA:198,123
DA:199,3
DA:200,3
DA:205,0
DA:207,3
DA:210,123
DA:214,1
DA:215,0
DA:222,123
DA:223,2
DA:226,123
DA:227,3
DA:228,3
DA:233,0
DA:235,3
DA:236,3
DA:237,1
DA:239,2
DA:242,123
DA:246,0
DA:247,0
DA:256,123
DA:257,3
DA:258,3
DA:261,123
DA:262,4
DA:263,4
DA:264,1
DA:266,3
LF:94
LH:85
BRDA:24,0,0,1
BRDA:24,1,0,30
BRDA:24,1,1,30
BRDA:24,1,2,29
BRDA:60,2,0,3
BRDA:60,2,1,7
BRDA:66,3,0,0
BRDA:66,4,0,9
BRDA:66,4,1,9
BRDA:76,5,0,15
BRDA:76,6,0,20
BRDA:76,6,1,6
BRDA:106,7,0,0
BRDA:106,8,0,3
BRDA:106,8,1,3
BRDA:116,9,0,3
BRDA:116,10,0,5
BRDA:116,10,1,2
BRDA:130,11,0,0
BRDA:130,12,0,2
BRDA:130,12,1,2
BRDA:140,13,0,3
BRDA:140,14,0,5
BRDA:140,14,1,2
BRDA:154,15,0,4
BRDA:154,15,1,0
BRDA:155,16,0,0
BRDA:155,17,0,4
BRDA:155,17,1,4
BRDA:155,17,2,4
BRDA:165,18,0,1
BRDA:165,19,0,2
BRDA:165,19,1,1
BRDA:195,20,0,2
BRDA:195,20,1,1
BRDA:200,21,0,0
BRDA:201,22,0,3
BRDA:201,22,1,2
BRDA:201,22,2,3
BRDA:201,22,3,3
BRDA:207,23,0,2
BRDA:207,23,1,1
BRDA:214,24,0,1
BRDA:214,25,0,1
BRDA:214,25,1,0
BRDA:228,26,0,0
BRDA:229,27,0,3
BRDA:229,27,1,3
BRDA:229,27,2,3
BRDA:236,28,0,1
BRDA:246,29,0,0
BRDA:246,30,0,0
BRDA:246,30,1,0
BRDA:257,31,0,1
BRDA:257,31,1,2
BRDA:263,32,0,1
BRDA:263,33,0,4
BRDA:263,33,1,3
BRF:58
BRH:47
end_of_record
TN:
SF:src\common\pagination\index.ts
FN:1,(anonymous_4)
FN:1,(anonymous_5)
FN:2,(anonymous_6)
FN:2,(anonymous_7)
FN:3,(anonymous_8)
FN:4,(anonymous_9)
FN:5,(anonymous_10)
FN:8,(anonymous_11)
FN:9,(anonymous_12)
FN:10,(anonymous_13)
FN:11,(anonymous_14)
FN:12,(anonymous_15)
FN:13,(anonymous_16)
FN:15,(anonymous_17)
FN:16,(anonymous_18)
FN:17,(anonymous_19)
FN:18,(anonymous_20)
FN:19,(anonymous_21)
FN:20,(anonymous_22)
FN:29,(anonymous_23)
FN:30,(anonymous_24)
FN:31,(anonymous_25)
FN:32,(anonymous_26)
FN:36,(anonymous_27)
FN:37,(anonymous_28)
FN:38,(anonymous_29)
FN:39,(anonymous_30)
FN:40,(anonymous_31)
FN:45,(anonymous_32)
FN:46,(anonymous_33)
FN:47,(anonymous_34)
FN:48,(anonymous_35)
FN:49,(anonymous_36)
FNF:33
FNH:25
FNDA:12,(anonymous_4)
FNDA:0,(anonymous_5)
FNDA:32,(anonymous_6)
FNDA:18,(anonymous_7)
FNDA:0,(anonymous_8)
FNDA:0,(anonymous_9)
FNDA:84,(anonymous_10)
FNDA:33,(anonymous_11)
FNDA:0,(anonymous_12)
FNDA:24,(anonymous_13)
FNDA:18,(anonymous_14)
FNDA:20,(anonymous_15)
FNDA:4,(anonymous_16)
FNDA:27,(anonymous_17)
FNDA:31,(anonymous_18)
FNDA:851,(anonymous_19)
FNDA:851,(anonymous_20)
FNDA:9,(anonymous_21)
FNDA:9,(anonymous_22)
FNDA:150,(anonymous_23)
FNDA:250,(anonymous_24)
FNDA:27,(anonymous_25)
FNDA:12,(anonymous_26)
FNDA:6,(anonymous_27)
FNDA:2,(anonymous_28)
FNDA:4,(anonymous_29)
FNDA:0,(anonymous_30)
FNDA:0,(anonymous_31)
FNDA:6,(anonymous_32)
FNDA:0,(anonymous_33)
FNDA:0,(anonymous_34)
FNDA:26,(anonymous_35)
FNDA:2,(anonymous_36)
DA:1,125
DA:2,145
DA:3,113
DA:4,113
DA:5,197
DA:6,113
DA:8,146
DA:9,113
DA:10,137
DA:11,131
DA:12,133
DA:13,117
DA:15,140
DA:16,144
DA:17,964
DA:18,964
DA:19,122
DA:20,122
DA:29,263
DA:30,363
DA:31,140
DA:32,125
DA:34,113
DA:35,113
DA:36,119
DA:37,115
DA:38,117
DA:39,113
DA:40,113
DA:44,113
DA:45,119
DA:46,113
DA:47,113
DA:48,139
DA:49,115
LF:35
LH:35
BRF:0
BRH:0
end_of_record
TN:
SF:src\common\pagination\list-meta.dto.ts
FNF:0
FNH:0
DA:1,113
DA:10,113
DA:17,113
DA:20,113
DA:26,113
DA:33,113
DA:36,113
DA:43,113
DA:46,113
DA:53,113
DA:59,113
DA:69,113
LF:12
LH:12
BRF:0
BRH:0
end_of_record
TN:
SF:src\common\pagination\picker-search.dto.ts
FN:20,transformQueryBoolean
FN:48,(anonymous_3)
FN:49,(anonymous_4)
FNF:3
FNH:0
FNDA:0,transformQueryBoolean
FNDA:0,(anonymous_3)
FNDA:0,(anonymous_4)
DA:1,113
DA:2,113
DA:3,113
DA:13,113
DA:14,113
DA:21,0
DA:22,0
DA:23,0
DA:31,113
DA:39,113
DA:48,0
DA:50,0
DA:51,0
DA:53,0
DA:58,113
DA:61,113
DA:68,113
DA:71,113
DA:79,113
DA:82,113
DA:84,113
DA:87,113
DA:93,113
DA:96,113
DA:98,113
DA:104,113
LF:26
LH:19
BRDA:21,0,0,0
BRDA:21,1,0,0
BRDA:21,1,1,0
BRDA:21,1,2,0
BRDA:21,1,3,0
BRDA:22,2,0,0
BRDA:22,3,0,0
BRDA:22,3,1,0
BRDA:22,3,2,0
BRDA:22,3,3,0
BRDA:50,4,0,0
BRDA:50,5,0,0
BRDA:50,5,1,0
BRDA:50,5,2,0
BRF:14
BRH:0
end_of_record
TN:
SF:src\common\pagination\picker-search.ts
FN:25,clampPickerSearchLimit
FN:30,normalizePickerQuery
FN:38,escapePickerLikePattern
FN:42,assertPickerLimit
FNF:4
FNH:3
FNDA:9,clampPickerSearchLimit
FNDA:7,normalizePickerQuery
FNDA:3,escapePickerLikePattern
FNDA:0,assertPickerLimit
DA:1,114
DA:2,114
DA:5,114
DA:6,114
DA:25,114
DA:26,9
DA:30,114
DA:31,7
DA:38,114
DA:39,3
DA:42,114
DA:43,0
DA:44,0
LF:13
LH:11
BRDA:31,0,0,7
BRDA:31,0,1,1
BRDA:43,1,0,0
BRDA:43,2,0,0
BRDA:43,2,1,0
BRDA:43,2,2,0
BRF:6
BRH:2
end_of_record
TN:
SF:src\common\pagination\sort-query.dto.ts
FNF:0
FNH:0
DA:1,113
DA:7,113
DA:10,113
DA:14,113
LF:4
LH:4
BRF:0
BRH:0
end_of_record
TN:
SF:src\common\pipes\zod-validation.pipe.ts
FN:10,(anonymous_2)
FN:12,(anonymous_3)
FNF:2
FNH:2
FNDA:410,(anonymous_2)
FNDA:118,(anonymous_3)
DA:1,22
DA:9,22
DA:10,410
DA:13,118
DA:14,118
DA:15,29
DA:22,89
LF:7
LH:7
BRDA:14,0,0,29
BRF:1
BRH:1
end_of_record
TN:
SF:src\modules\access-control\access-control.constants.ts
FN:295,(anonymous_0)
FN:296,(anonymous_1)
FNF:2
FNH:2
FNDA:429,(anonymous_0)
FNDA:273,(anonymous_1)
DA:1,13
DA:24,13
DA:26,13
DA:293,13
DA:295,429
DA:296,273
DA:352,13
LF:7
LH:7
BRF:0
BRH:0
end_of_record
TN:
SF:src\modules\access-control\access-control.controller.ts
FN:39,getHeader
FN:47,buildAuditContext
FN:61,(anonymous_6)
FN:68,(anonymous_7)
FN:78,(anonymous_8)
FN:88,(anonymous_9)
FN:99,(anonymous_10)
FN:114,(anonymous_11)
FN:128,(anonymous_12)
FN:147,(anonymous_13)
FN:178,(anonymous_14)
FN:192,(anonymous_15)
FNF:12
FNH:9
FNDA:4,getHeader
FNDA:2,buildAuditContext
FNDA:1,(anonymous_6)
FNDA:1,(anonymous_7)
FNDA:1,(anonymous_8)
FNDA:1,(anonymous_9)
FNDA:0,(anonymous_10)
FNDA:0,(anonymous_11)
FNDA:0,(anonymous_12)
FNDA:1,(anonymous_13)
FNDA:1,(anonymous_14)
FNDA:1,(anonymous_15)
DA:1,2
DA:14,2
DA:15,2
DA:16,2
DA:17,2
DA:18,2
DA:19,2
DA:21,2
DA:22,2
DA:23,2
DA:31,2
DA:43,4
DA:44,4
DA:48,2
DA:60,2
DA:61,1
DA:68,2
DA:69,1
DA:70,1
DA:78,2
DA:79,1
DA:80,1
DA:88,2
DA:89,1
DA:91,1
DA:99,2
DA:104,0
DA:106,0
DA:114,2
DA:118,0
DA:120,0
DA:128,2
DA:133,0
DA:139,0
DA:147,2
DA:152,1
DA:158,1
DA:178,2
DA:179,1
DA:181,1
DA:192,2
DA:193,1
DA:195,1
LF:43
LH:37
BRDA:44,0,0,0
BRDA:44,0,1,4
BRDA:51,1,0,2
BRDA:51,1,1,2
BRDA:52,2,0,2
BRDA:52,2,1,2
BRF:6
BRH:5
end_of_record
TN:
SF:src\modules\access-control\access-control.module.ts
FNF:0
FNH:0
DA:1,1
DA:2,1
DA:3,1
DA:10,1
DA:11,1
DA:12,1
DA:13,1
DA:14,1
DA:15,1
DA:42,1
LF:10
LH:10
BRF:0
BRH:0
end_of_record
TN:
SF:src\modules\access-control\access-control.service.ts
FN:76,(anonymous_4)
FN:83,(anonymous_5)
FN:86,(anonymous_6)
FN:103,(anonymous_7)
FN:106,(anonymous_8)
FN:119,(anonymous_9)
FN:122,(anonymous_10)
FN:140,(anonymous_11)
FN:141,(anonymous_12)
FN:156,(anonymous_13)
FN:162,(anonymous_14)
FN:222,(anonymous_15)
FN:229,(anonymous_16)
FN:312,(anonymous_17)
FN:315,(anonymous_18)
FN:334,(anonymous_19)
FN:357,(anonymous_20)
FN:364,(anonymous_21)
FN:421,(anonymous_22)
FN:428,(anonymous_23)
FN:458,(anonymous_24)
FN:478,(anonymous_25)
FN:488,(anonymous_26)
FN:501,(anonymous_27)
FN:503,(anonymous_28)
FN:515,(anonymous_29)
FN:536,(anonymous_30)
FN:543,(anonymous_31)
FN:547,(anonymous_32)
FN:548,(anonymous_33)
FN:579,(anonymous_34)
FN:583,(anonymous_35)
FN:585,(anonymous_36)
FN:588,(anonymous_37)
FN:604,(anonymous_38)
FN:606,(anonymous_39)
FN:608,(anonymous_40)
FN:648,(anonymous_41)
FN:674,(anonymous_42)
FN:690,(anonymous_43)
FN:699,(anonymous_44)
FN:714,(anonymous_45)
FN:716,(anonymous_46)
FN:752,(anonymous_47)
FN:766,(anonymous_48)
FN:776,(anonymous_49)
FN:798,(anonymous_50)
FN:807,(anonymous_51)
FN:814,(anonymous_52)
FN:820,(anonymous_53)
FN:834,(anonymous_54)
FN:844,(anonymous_55)
FN:847,(anonymous_56)
FN:865,(anonymous_57)
FN:872,(anonymous_58)
FN:879,(anonymous_59)
FN:884,(anonymous_60)
FN:890,(anonymous_61)
FN:897,(anonymous_62)
FN:909,(anonymous_63)
FN:922,(anonymous_64)
FN:927,(anonymous_65)
FN:928,(anonymous_66)
FN:932,(anonymous_67)
FN:936,(anonymous_68)
FNF:65
FNH:37
FNDA:10,(anonymous_4)
FNDA:1,(anonymous_5)
FNDA:1,(anonymous_6)
FNDA:5,(anonymous_7)
FNDA:5,(anonymous_8)
FNDA:1,(anonymous_9)
FNDA:1,(anonymous_10)
FNDA:0,(anonymous_11)
FNDA:0,(anonymous_12)
FNDA:3,(anonymous_13)
FNDA:3,(anonymous_14)
FNDA:0,(anonymous_15)
FNDA:0,(anonymous_16)
FNDA:0,(anonymous_17)
FNDA:0,(anonymous_18)
FNDA:0,(anonymous_19)
FNDA:0,(anonymous_20)
FNDA:0,(anonymous_21)
FNDA:0,(anonymous_22)
FNDA:0,(anonymous_23)
FNDA:0,(anonymous_24)
FNDA:0,(anonymous_25)
FNDA:0,(anonymous_26)
FNDA:0,(anonymous_27)
FNDA:0,(anonymous_28)
FNDA:0,(anonymous_29)
FNDA:9,(anonymous_30)
FNDA:297,(anonymous_31)
FNDA:177,(anonymous_32)
FNDA:297,(anonymous_33)
FNDA:5,(anonymous_34)
FNDA:30,(anonymous_35)
FNDA:30,(anonymous_36)
FNDA:30,(anonymous_37)
FNDA:19,(anonymous_38)
FNDA:19,(anonymous_39)
FNDA:30,(anonymous_40)
FNDA:25,(anonymous_41)
FNDA:0,(anonymous_42)
FNDA:31,(anonymous_43)
FNDA:28,(anonymous_44)
FNDA:878,(anonymous_45)
FNDA:216,(anonymous_46)
FNDA:26,(anonymous_47)
FNDA:214,(anonymous_48)
FNDA:1,(anonymous_49)
FNDA:5,(anonymous_50)
FNDA:20,(anonymous_51)
FNDA:0,(anonymous_52)
FNDA:20,(anonymous_53)
FNDA:26,(anonymous_54)
FNDA:1,(anonymous_55)
FNDA:1,(anonymous_56)
FNDA:0,(anonymous_57)
FNDA:0,(anonymous_58)
FNDA:0,(anonymous_59)
FNDA:0,(anonymous_60)
FNDA:0,(anonymous_61)
FNDA:1,(anonymous_62)
FNDA:1,(anonymous_63)
FNDA:0,(anonymous_64)
FNDA:0,(anonymous_65)
FNDA:0,(anonymous_66)
FNDA:0,(anonymous_67)
FNDA:1,(anonymous_68)
DA:1,3
DA:7,3
DA:8,3
DA:17,3
DA:25,3
DA:26,3
DA:27,3
DA:28,3
DA:75,3
DA:78,10
DA:79,10
DA:80,10
DA:84,1
DA:86,1
DA:87,1
DA:89,1
DA:95,1
DA:104,5
DA:106,5
DA:107,5
DA:108,5
DA:109,5
DA:115,5
DA:120,1
DA:122,1
DA:123,1
DA:127,1
DA:128,0
DA:131,1
DA:132,1
DA:138,1
DA:140,1
DA:141,0
DA:142,0
DA:146,1
DA:160,3
DA:162,3
DA:163,3
DA:164,3
DA:166,3
DA:167,3
DA:175,1
DA:178,1
DA:179,0
DA:185,1
DA:195,1
DA:196,1
DA:202,1
DA:204,1
DA:218,1
DA:227,0
DA:229,0
DA:230,0
DA:232,0
DA:233,0
DA:235,0
DA:236,0
DA:239,0
DA:240,0
DA:247,0
DA:248,0
DA:249,0
DA:255,0
DA:256,0
DA:257,0
DA:258,0
DA:263,0
DA:273,0
DA:278,0
DA:285,0
DA:286,0
DA:287,0
DA:288,0
DA:289,0
DA:291,0
DA:292,0
DA:294,0
DA:308,0
DA:313,0
DA:315,0
DA:316,0
DA:318,0
DA:319,0
DA:320,0
DA:323,0
DA:324,0
DA:328,0
DA:330,0
DA:333,0
DA:334,0
DA:335,0
DA:336,0
DA:338,0
DA:341,0
DA:362,0
DA:364,0
DA:365,0
DA:367,0
DA:368,0
DA:369,0
DA:375,0
DA:383,0
DA:384,0
DA:388,0
DA:394,0
DA:396,0
DA:417,0
DA:426,0
DA:428,0
DA:429,0
DA:431,0
DA:434,0
DA:435,0
DA:441,0
DA:442,0
DA:448,0
DA:454,0
DA:455,0
DA:458,0
DA:459,0
DA:460,0
DA:467,0
DA:474,0
DA:477,0
DA:478,0
DA:479,0
DA:480,0
DA:482,0
DA:485,0
DA:486,0
DA:489,0
DA:501,0
DA:502,0
DA:503,0
DA:506,0
DA:515,0
DA:528,0
DA:540,9
DA:543,297
DA:547,177
DA:548,9
DA:549,297
DA:550,297
DA:553,167
DA:554,167
DA:555,167
DA:556,167
DA:557,167
DA:558,167
DA:559,167
DA:560,167
DA:563,130
DA:576,9
DA:583,30
DA:584,5
DA:585,30
DA:587,5
DA:588,30
DA:590,5
DA:604,19
DA:605,5
DA:606,19
DA:608,5
DA:610,30
DA:611,30
DA:612,11
DA:624,19
DA:631,19
DA:632,17
DA:635,2
DA:636,2
DA:637,2
DA:639,2
DA:640,2
DA:641,2
DA:642,2
DA:645,5
DA:648,25
DA:650,5
DA:651,25
DA:652,25
DA:653,0
DA:658,25
DA:666,25
DA:672,25
DA:674,0
DA:677,25
DA:678,0
DA:681,25
DA:691,31
DA:692,0
DA:706,28
DA:708,28
DA:709,28
DA:714,878
DA:716,28
DA:717,216
DA:718,216
DA:719,0
DA:725,216
DA:726,1
DA:732,215
DA:736,1
DA:743,214
DA:744,0
DA:758,26
DA:760,26
DA:761,0
DA:764,26
DA:767,214
DA:781,1
DA:782,1
DA:784,1
DA:803,5
DA:804,0
DA:807,20
DA:808,5
DA:813,5
DA:814,5
DA:815,0
DA:816,0
DA:817,0
DA:820,20
DA:839,26
DA:844,26
DA:853,1
DA:858,1
DA:859,1
DA:862,0
DA:865,0
DA:871,0
DA:872,0
DA:874,0
DA:875,0
DA:878,0
DA:879,0
DA:883,0
DA:884,0
DA:885,0
DA:886,0
DA:887,0
DA:890,0
DA:902,1
DA:903,1
DA:904,0
DA:906,1
DA:910,1
DA:923,0
DA:924,0
DA:926,0
DA:927,0
DA:928,0
DA:933,0
DA:937,1
DA:938,0
DA:941,1
LF:256
LH:132
BRDA:127,0,0,0
BRDA:166,1,0,3
BRDA:166,1,1,0
BRDA:178,2,0,0
BRDA:188,3,0,1
BRDA:188,3,1,1
BRDA:190,4,0,1
BRDA:190,4,1,1
BRDA:207,5,0,1
BRDA:207,5,1,1
BRDA:213,6,0,1
BRDA:213,6,1,1
BRDA:214,7,0,1
BRDA:214,7,1,1
BRDA:215,8,0,1
BRDA:215,8,1,1
BRDA:235,9,0,0
BRDA:235,10,0,0
BRDA:235,10,1,0
BRDA:239,11,0,0
BRDA:239,12,0,0
BRDA:239,12,1,0
BRDA:247,13,0,0
BRDA:247,13,1,0
BRDA:248,14,0,0
BRDA:248,15,0,0
BRDA:248,15,1,0
BRDA:255,16,0,0
BRDA:257,17,0,0
BRDA:273,18,0,0
BRDA:274,19,0,0
BRDA:274,19,1,0
BRDA:274,19,2,0
BRDA:274,19,3,0
BRDA:274,19,4,0
BRDA:280,20,0,0
BRDA:280,20,1,0
BRDA:281,21,0,0
BRDA:281,21,1,0
BRDA:285,22,0,0
BRDA:286,23,0,0
BRDA:286,24,0,0
BRDA:286,24,1,0
BRDA:287,25,0,0
BRDA:288,26,0,0
BRDA:288,27,0,0
BRDA:288,27,1,0
BRDA:289,28,0,0
BRDA:297,29,0,0
BRDA:297,29,1,0
BRDA:303,30,0,0
BRDA:303,30,1,0
BRDA:304,31,0,0
BRDA:304,31,1,0
BRDA:305,32,0,0
BRDA:305,32,1,0
BRDA:319,33,0,0
BRDA:333,34,0,0
BRDA:336,35,0,0
BRDA:336,35,1,0
BRDA:344,36,0,0
BRDA:344,36,1,0
BRDA:350,37,0,0
BRDA:350,37,1,0
BRDA:351,38,0,0
BRDA:351,38,1,0
BRDA:352,39,0,0
BRDA:352,39,1,0
BRDA:368,40,0,0
BRDA:399,41,0,0
BRDA:399,41,1,0
BRDA:412,42,0,0
BRDA:412,42,1,0
BRDA:413,43,0,0
BRDA:413,43,1,0
BRDA:414,44,0,0
BRDA:414,44,1,0
BRDA:434,45,0,0
BRDA:441,46,0,0
BRDA:448,47,0,0
BRDA:448,47,1,0
BRDA:454,48,0,0
BRDA:459,49,0,0
BRDA:459,50,0,0
BRDA:459,50,1,0
BRDA:477,51,0,0
BRDA:480,52,0,0
BRDA:480,52,1,0
BRDA:485,53,0,0
BRDA:509,54,0,0
BRDA:509,54,1,0
BRDA:523,55,0,0
BRDA:523,55,1,0
BRDA:524,56,0,0
BRDA:524,56,1,0
BRDA:525,57,0,0
BRDA:525,57,1,0
BRDA:550,58,0,167
BRDA:610,59,0,30
BRDA:610,59,1,11
BRDA:611,60,0,11
BRDA:624,61,0,19
BRDA:624,61,1,19
BRDA:624,61,2,17
BRDA:624,61,3,17
BRDA:624,61,4,17
BRDA:624,61,5,17
BRDA:631,62,0,17
BRDA:645,63,0,3
BRDA:645,63,1,2
BRDA:652,64,0,0
BRDA:672,65,0,25
BRDA:672,65,1,0
BRDA:677,66,0,0
BRDA:677,67,0,25
BRDA:677,67,1,0
BRDA:691,68,0,0
BRDA:708,69,0,28
BRDA:708,69,1,0
BRDA:709,70,0,28
BRDA:709,70,1,0
BRDA:718,71,0,0
BRDA:725,72,0,1
BRDA:732,73,0,1
BRDA:733,74,0,215
BRDA:733,74,1,6
BRDA:743,75,0,0
BRDA:743,76,0,214
BRDA:743,76,1,213
BRDA:760,77,0,0
BRDA:803,78,0,0
BRDA:815,79,0,0
BRDA:815,79,1,0
BRDA:828,80,0,20
BRDA:828,80,1,20
BRDA:858,81,0,1
BRDA:874,82,0,0
BRDA:885,83,0,0
BRDA:885,83,1,0
BRDA:893,84,0,0
BRDA:893,84,1,0
BRDA:903,85,0,0
BRDA:937,86,0,0
BRDA:941,87,0,1
BRDA:941,87,1,0
BRF:145
BRH:40
end_of_record
TN:
SF:src\modules\access-control\decorators\permissions.decorator.ts
FN:6,(anonymous_0)
FNF:1
FNH:1
FNDA:153,(anonymous_0)
DA:1,12
DA:4,12
DA:6,12
DA:7,153
LF:4
LH:4
BRF:0
BRH:0
end_of_record
TN:
SF:src\modules\access-control\dto\access-control.dto.ts
FN:18,hasDuplicates
FN:64,(anonymous_3)
FN:78,(anonymous_4)
FNF:3
FNH:3
FNDA:2,hasDuplicates
FNDA:1,(anonymous_3)
FNDA:1,(anonymous_4)
DA:1,2
DA:2,2
DA:14,2
DA:15,2
DA:16,2
DA:19,2
DA:22,2
DA:27,2
DA:33,2
DA:37,2
DA:42,2
DA:50,2
DA:53,2
DA:57,2
DA:60,2
DA:65,1
DA:66,1
DA:74,2
DA:79,1
DA:80,0
LF:20
LH:19
BRDA:65,0,0,1
BRDA:79,1,0,0
BRF:2
BRH:1
end_of_record
TN:
SF:src\modules\access-control\guards\permissions.guard.ts
FN:10,(anonymous_2)
FN:15,(anonymous_3)
FN:51,(anonymous_4)
FN:64,(anonymous_5)
FN:80,(anonymous_6)
FNF:5
FNH:5
FNDA:27,(anonymous_2)
FNDA:170,(anonymous_3)
FNDA:163,(anonymous_4)
FNDA:162,(anonymous_5)
FNDA:942,(anonymous_6)
DA:1,11
DA:2,11
DA:5,11
DA:6,11
DA:9,11
DA:11,27
DA:12,27
DA:16,170
DA:21,170
DA:22,6
DA:25,164
DA:31,164
DA:33,164
DA:34,0
DA:40,164
DA:41,2
DA:44,162
DA:47,162
DA:49,162
DA:50,162
DA:51,163
DA:54,162
DA:55,24
DA:61,138
DA:69,162
DA:71,162
DA:80,942
LF:27
LH:26
BRDA:21,0,0,6
BRDA:21,1,0,170
BRDA:21,1,1,164
BRDA:33,2,0,0
BRDA:40,3,0,2
BRDA:54,4,0,24
BRDA:69,5,0,162
BRDA:69,5,1,91
BRDA:74,6,0,0
BRDA:74,6,1,162
BRDA:75,7,0,0
BRDA:75,7,1,162
BRDA:80,8,0,942
BRDA:80,8,1,6
BRF:14
BRH:11
end_of_record
TN:
SF:src\modules\access-control\services\access-governance.service.ts
FN:28,(anonymous_1)
FN:48,(anonymous_2)
FN:76,(anonymous_3)
FN:86,(anonymous_4)
FN:100,(anonymous_5)
FN:129,(anonymous_6)
FN:145,(anonymous_7)
FN:153,(anonymous_8)
FN:164,(anonymous_9)
FN:177,(anonymous_10)
FN:178,(anonymous_11)
FN:181,(anonymous_12)
FN:194,(anonymous_13)
FN:198,(anonymous_14)
FN:204,(anonymous_15)
FN:216,(anonymous_16)
FNF:16
FNH:16
FNDA:2,(anonymous_1)
FNDA:1,(anonymous_2)
FNDA:3,(anonymous_3)
FNDA:3,(anonymous_4)
FNDA:4,(anonymous_5)
FNDA:4,(anonymous_6)
FNDA:4,(anonymous_7)
FNDA:4,(anonymous_8)
FNDA:4,(anonymous_9)
FNDA:6,(anonymous_10)
FNDA:8,(anonymous_11)
FNDA:6,(anonymous_12)
FNDA:3,(anonymous_13)
FNDA:4,(anonymous_14)
FNDA:4,(anonymous_15)
FNDA:3,(anonymous_16)
DA:1,4
DA:2,4
DA:3,4
DA:4,4
DA:27,4
DA:34,2
DA:35,0
DA:38,2
DA:39,2
DA:41,2
DA:42,2
DA:44,2
DA:45,2
DA:53,1
DA:54,1
DA:56,1
DA:57,1
DA:63,1
DA:72,1
DA:73,1
DA:77,3
DA:78,2
DA:91,3
DA:92,3
DA:100,4
DA:101,3
DA:102,0
DA:109,3
DA:128,3
DA:129,4
DA:132,3
DA:138,3
DA:144,3
DA:145,3
DA:147,4
DA:148,4
DA:149,4
DA:152,3
DA:153,4
DA:163,3
DA:164,3
DA:165,4
DA:166,4
DA:167,4
DA:170,3
DA:178,6
DA:179,8
DA:181,8
DA:182,6
DA:184,6
DA:195,3
DA:198,4
DA:204,4
DA:217,3
LF:54
LH:52
BRDA:34,0,0,0
BRDA:57,1,0,1
BRDA:57,1,1,0
BRDA:64,2,0,1
BRDA:64,2,1,0
BRDA:65,3,0,1
BRDA:65,3,1,1
BRDA:67,4,0,0
BRDA:67,4,1,1
BRDA:77,5,0,2
BRDA:77,6,0,3
BRDA:77,6,1,3
BRDA:89,7,0,0
BRDA:101,8,0,0
BRDA:132,9,0,3
BRDA:132,9,1,0
BRDA:138,10,0,3
BRDA:138,10,1,0
BRDA:147,11,0,4
BRDA:147,11,1,4
BRDA:158,12,0,4
BRDA:158,12,1,0
BRDA:165,13,0,4
BRDA:165,13,1,4
BRDA:179,14,0,8
BRDA:179,14,1,0
BRDA:185,15,0,6
BRDA:185,15,1,6
BRDA:185,15,2,5
BRDA:185,15,3,5
BRF:30
BRH:20
end_of_record
TN:
SF:src\modules\access-control\services\effective-permissions.service.ts
FN:21,(anonymous_4)
FN:26,(anonymous_5)
FN:33,(anonymous_6)
FN:72,(anonymous_7)
FN:79,(anonymous_8)
FN:85,(anonymous_9)
FN:98,(anonymous_10)
FN:106,(anonymous_11)
FN:114,(anonymous_12)
FNF:9
FNH:9
FNDA:4,(anonymous_4)
FNDA:4,(anonymous_5)
FNDA:4,(anonymous_6)
FNDA:4,(anonymous_7)
FNDA:4,(anonymous_8)
FNDA:2,(anonymous_9)
FNDA:2,(anonymous_10)
FNDA:4,(anonymous_11)
FNDA:4,(anonymous_12)
DA:1,12
DA:2,12
DA:3,12
DA:11,12
DA:12,12
DA:13,12
DA:15,12
DA:20,12
DA:23,4
DA:30,4
DA:31,4
DA:33,4
DA:34,4
DA:38,4
DA:39,0
DA:42,4
DA:46,4
DA:65,4
DA:66,1
DA:69,3
DA:72,4
DA:77,3
DA:80,4
DA:85,2
DA:87,3
DA:88,1
DA:91,2
DA:98,2
DA:99,2
DA:102,2
DA:107,4
DA:108,1
DA:111,3
DA:115,4
LF:34
LH:33
BRDA:16,0,0,12
BRDA:16,0,1,0
BRDA:38,1,0,0
BRDA:65,2,0,1
BRDA:80,3,0,4
BRDA:80,3,1,3
BRDA:80,3,2,2
BRDA:80,3,3,1
BRDA:87,4,0,1
BRDA:107,5,0,1
BRF:10
BRH:8
end_of_record
TN:
SF:src\modules\assurance\assurance.controller.ts
FN:108,(anonymous_4)
FN:121,(anonymous_5)
FN:132,(anonymous_6)
FN:143,(anonymous_7)
FN:152,(anonymous_8)
FN:163,(anonymous_9)
FN:175,(anonymous_10)
FN:183,(anonymous_11)
FN:194,(anonymous_12)
FN:202,(anonymous_13)
FN:213,(anonymous_14)
FN:224,(anonymous_15)
FN:235,(anonymous_16)
FN:243,(anonymous_17)
FN:254,(anonymous_18)
FN:261,(anonymous_19)
FN:269,(anonymous_20)
FN:280,(anonymous_21)
FNF:18
FNH:7
FNDA:3,(anonymous_4)
FNDA:4,(anonymous_5)
FNDA:1,(anonymous_6)
FNDA:0,(anonymous_7)
FNDA:0,(anonymous_8)
FNDA:0,(anonymous_9)
FNDA:0,(anonymous_10)
FNDA:1,(anonymous_11)
FNDA:0,(anonymous_12)
FNDA:0,(anonymous_13)
FNDA:1,(anonymous_14)
FNDA:1,(anonymous_15)
FNDA:0,(anonymous_16)
FNDA:0,(anonymous_17)
FNDA:0,(anonymous_18)
FNDA:0,(anonymous_19)
FNDA:0,(anonymous_20)
FNDA:1,(anonymous_21)
DA:1,3
DA:14,3
DA:22,3
DA:23,3
DA:24,3
DA:25,3
DA:26,3
DA:27,3
DA:29,3
DA:52,3
DA:53,3
DA:54,3
DA:55,3
DA:56,3
DA:58,3
DA:107,3
DA:109,3
DA:110,3
DA:111,3
DA:112,3
DA:113,3
DA:121,3
DA:125,4
DA:132,3
DA:136,1
DA:143,3
DA:144,0
DA:145,0
DA:152,3
DA:157,0
DA:163,3
DA:168,0
DA:169,0
DA:175,3
DA:176,0
DA:177,0
DA:183,3
DA:188,1
DA:194,3
DA:195,0
DA:196,0
DA:202,3
DA:207,0
DA:213,3
DA:218,1
DA:224,3
DA:229,1
DA:235,3
DA:236,0
DA:243,3
DA:248,0
DA:254,3
DA:255,0
DA:261,3
DA:262,0
DA:269,3
DA:270,0
DA:280,3
DA:281,1
LF:59
LH:44
BRF:0
BRH:0
end_of_record
TN:
SF:src\modules\assurance\assurance.module.ts
FNF:0
FNH:0
DA:1,0
DA:2,0
DA:3,0
DA:4,0
DA:12,0
DA:13,0
DA:14,0
DA:15,0
DA:16,0
DA:17,0
DA:18,0
DA:19,0
DA:20,0
DA:21,0
DA:22,0
DA:23,0
DA:58,0
LF:17
LH:0
BRF:0
BRH:0
end_of_record
TN:
SF:src\modules\assurance\index.ts
FNF:0
FNH:0
DA:1,0
LF:1
LH:0
BRF:0
BRH:0
end_of_record
TN:
SF:src\modules\assurance\dto\index.ts
FN:58,(anonymous_2)
FN:92,(anonymous_3)
FN:364,(anonymous_4)
FN:370,(anonymous_5)
FNF:4
FNH:4
FNDA:7,(anonymous_2)
FNDA:2,(anonymous_3)
FNDA:4,(anonymous_4)
FNDA:4,(anonymous_5)
DA:1,7
DA:2,7
DA:3,7
DA:4,7
DA:6,7
DA:20,7
DA:39,7
DA:52,7
DA:60,7
DA:61,5
DA:63,2
DA:68,7
DA:73,7
DA:77,7
DA:86,7
DA:92,2
DA:96,7
DA:101,7
DA:131,7
DA:134,7
DA:138,7
DA:142,7
DA:146,7
DA:150,7
DA:154,7
DA:158,7
DA:162,7
DA:166,7
DA:170,7
DA:174,7
DA:178,7
DA:182,7
DA:189,7
DA:192,7
DA:196,7
DA:200,7
DA:204,7
DA:208,7
DA:212,7
DA:216,7
DA:220,7
DA:224,7
DA:228,7
DA:235,7
DA:238,7
DA:242,7
DA:249,7
DA:252,7
DA:259,7
DA:266,7
DA:269,7
DA:276,7
DA:279,7
DA:283,7
DA:287,7
DA:291,7
DA:295,7
DA:299,7
DA:306,7
DA:309,7
DA:313,7
DA:320,7
DA:323,7
DA:327,7
DA:334,7
DA:337,7
DA:341,7
DA:345,7
DA:349,7
DA:353,7
DA:357,7
DA:361,7
DA:364,4
DA:367,7
DA:370,4
DA:374,7
DA:380,7
DA:384,7
DA:398,7
LF:79
LH:79
BRDA:60,0,0,5
BRDA:61,1,0,5
BRDA:61,1,1,4
BRDA:92,2,0,2
BRDA:92,2,1,1
BRF:5
BRH:5
end_of_record
TN:
SF:src\modules\assurance\ports\assurance-execution-order-notifier.adapter.ts
FN:11,(anonymous_4)
FN:16,(anonymous_5)
FN:38,(anonymous_6)
FN:46,(anonymous_7)
FNF:4
FNH:4
FNDA:1,(anonymous_4)
FNDA:1,(anonymous_5)
FNDA:1,(anonymous_6)
FNDA:1,(anonymous_7)
DA:1,1
DA:2,1
DA:3,1
DA:4,1
DA:5,1
DA:7,1
DA:10,1
DA:12,1
DA:13,1
DA:26,1
DA:46,1
DA:47,1
LF:12
LH:12
BRF:0
BRH:0
end_of_record
TN:
SF:src\modules\assurance\ports\assurance-field-service.adapter.ts
FN:11,(anonymous_4)
FN:19,(anonymous_5)
FNF:2
FNH:0
FNDA:0,(anonymous_4)
FNDA:0,(anonymous_5)
DA:1,0
DA:2,0
DA:3,0
DA:4,0
DA:5,0
DA:8,0
DA:9,0
DA:14,0
DA:16,0
DA:20,0
DA:21,0
DA:24,0
DA:27,0
LF:13
LH:0
BRDA:20,0,0,0
BRF:1
BRH:0
end_of_record
TN:
SF:src\modules\assurance\ports\assurance-field-service.port.ts
FNF:0
FNH:0
DA:12,5
LF:1
LH:1
BRF:0
BRH:0
end_of_record
TN:
SF:src\modules\assurance\services\assurance-dashboard.service.ts
FN:23,(anonymous_4)
FN:28,(anonymous_5)
FN:31,(anonymous_6)
FN:79,(anonymous_7)
FN:80,(anonymous_8)
FN:81,(anonymous_9)
FN:87,(anonymous_10)
FNF:7
FNH:0
FNDA:0,(anonymous_4)
FNDA:0,(anonymous_5)
FNDA:0,(anonymous_6)
FNDA:0,(anonymous_7)
FNDA:0,(anonymous_8)
FNDA:0,(anonymous_9)
FNDA:0,(anonymous_10)
DA:1,3
DA:2,3
DA:3,3
DA:4,3
DA:5,3
DA:6,3
DA:22,3
DA:24,0
DA:25,0
DA:29,0
DA:31,0
DA:32,0
DA:33,0
DA:34,0
DA:35,0
DA:36,0
DA:37,0
DA:39,0
DA:40,0
DA:41,0
DA:42,0
DA:43,0
DA:44,0
DA:46,0
DA:47,0
DA:49,0
DA:50,0
DA:53,0
DA:57,0
DA:60,0
DA:61,0
DA:65,0
DA:70,0
DA:71,0
DA:72,0
DA:73,0
DA:78,0
DA:79,0
DA:80,0
DA:81,0
DA:87,0
LF:41
LH:7
BRDA:49,0,0,0
BRDA:53,1,0,0
BRDA:54,2,0,0
BRDA:54,2,1,0
BRDA:60,3,0,0
BRDA:60,4,0,0
BRDA:60,4,1,0
BRDA:60,4,2,0
BRDA:65,5,0,0
BRDA:70,6,0,0
BRDA:70,6,1,0
BRDA:71,7,0,0
BRDA:71,7,1,0
BRDA:72,8,0,0
BRDA:73,9,0,0
BRDA:73,9,1,0
BRF:16
BRH:0
end_of_record
TN:
SF:src\modules\assurance\services\comments.service.ts
FN:15,(anonymous_4)
FN:20,(anonymous_5)
FN:28,(anonymous_6)
FN:64,(anonymous_7)
FN:67,(anonymous_8)
FNF:5
FNH:5
FNDA:3,(anonymous_4)
FNDA:2,(anonymous_5)
FNDA:2,(anonymous_6)
FNDA:1,(anonymous_7)
FNDA:1,(anonymous_8)
DA:1,4
DA:2,4
DA:3,4
DA:4,4
DA:5,4
DA:6,4
DA:8,4
DA:10,4
DA:11,4
DA:14,4
DA:16,3
DA:17,3
DA:25,2
DA:26,2
DA:28,2
DA:29,2
DA:31,2
DA:32,0
DA:35,2
DA:39,1
DA:42,1
DA:50,1
DA:52,1
DA:60,1
DA:65,1
DA:67,1
DA:68,1
DA:70,1
DA:71,0
DA:74,1
DA:78,0
DA:81,1
DA:87,1
DA:88,1
DA:91,1
LF:35
LH:32
BRDA:31,0,0,0
BRDA:35,1,0,1
BRDA:36,2,0,2
BRDA:36,2,1,2
BRDA:46,3,0,1
BRDA:46,3,1,0
BRDA:70,4,0,0
BRDA:74,5,0,0
BRDA:75,6,0,1
BRDA:75,6,1,1
BRDA:87,7,0,1
BRF:11
BRH:7
end_of_record
TN:
SF:src\modules\assurance\services\pqr.service.ts
FN:9,(anonymous_4)
FN:15,(anonymous_5)
FN:36,(anonymous_6)
FN:39,(anonymous_7)
FN:53,(anonymous_8)
FN:64,(anonymous_9)
FNF:6
FNH:0
FNDA:0,(anonymous_4)
FNDA:0,(anonymous_5)
FNDA:0,(anonymous_6)
FNDA:0,(anonymous_7)
FNDA:0,(anonymous_8)
FNDA:0,(anonymous_9)
DA:1,5
DA:2,5
DA:3,5
DA:4,5
DA:5,5
DA:8,5
DA:9,0
DA:21,0
DA:32,0
DA:37,0
DA:39,0
DA:40,0
DA:58,0
DA:64,0
LF:14
LH:6
BRDA:64,0,0,0
BRDA:64,0,1,0
BRF:2
BRH:0
end_of_record
TN:
SF:src\modules\assurance\services\sla.service.ts
FN:15,(anonymous_4)
FN:17,(anonymous_5)
FN:70,(anonymous_6)
FN:90,(anonymous_7)
FN:106,(anonymous_8)
FN:159,(anonymous_9)
FN:162,(anonymous_10)
FN:172,(anonymous_11)
FN:176,(anonymous_12)
FN:191,(anonymous_13)
FNF:10
FNH:2
FNDA:4,(anonymous_4)
FNDA:0,(anonymous_5)
FNDA:0,(anonymous_6)
FNDA:0,(anonymous_7)
FNDA:4,(anonymous_8)
FNDA:0,(anonymous_9)
FNDA:0,(anonymous_10)
FNDA:0,(anonymous_11)
FNDA:0,(anonymous_12)
FNDA:0,(anonymous_13)
DA:1,6
DA:2,6
DA:3,6
DA:4,6
DA:5,6
DA:6,6
DA:8,6
DA:11,6
DA:14,6
DA:15,4
DA:23,0
DA:31,0
DA:32,0
DA:35,0
DA:43,0
DA:44,0
DA:47,0
DA:55,0
DA:56,0
DA:59,0
DA:74,0
DA:75,0
DA:78,0
DA:91,0
DA:92,0
DA:94,0
DA:95,0
DA:96,0
DA:98,0
DA:99,0
DA:103,0
DA:117,4
DA:123,4
DA:124,2
DA:126,2
DA:131,1
DA:133,1
DA:136,0
DA:138,0
DA:139,0
DA:147,0
DA:148,0
DA:156,0
DA:160,0
DA:162,0
DA:163,0
DA:173,0
DA:174,0
DA:176,0
DA:177,0
DA:187,0
DA:197,0
DA:198,0
DA:200,0
DA:201,0
DA:204,0
DA:205,0
DA:208,0
LF:58
LH:16
BRDA:31,0,0,0
BRDA:43,1,0,0
BRDA:55,2,0,0
BRDA:60,3,0,0
BRDA:60,3,1,0
BRDA:74,4,0,0
BRDA:98,5,0,0
BRDA:98,6,0,0
BRDA:98,6,1,0
BRDA:117,7,0,4
BRDA:118,8,0,4
BRDA:118,8,1,4
BRDA:118,8,2,4
BRDA:123,9,0,2
BRDA:123,10,0,4
BRDA:123,10,1,4
BRDA:123,10,2,4
BRDA:126,11,0,1
BRDA:127,12,0,2
BRDA:127,12,1,2
BRDA:127,12,2,2
BRDA:138,13,0,0
BRDA:138,14,0,0
BRDA:138,14,1,0
BRDA:147,15,0,0
BRDA:147,16,0,0
BRDA:147,16,1,0
BRDA:180,17,0,0
BRDA:180,17,1,0
BRDA:181,18,0,0
BRDA:181,18,1,0
BRDA:184,19,0,0
BRDA:184,19,1,0
BRDA:200,20,0,0
BRDA:204,21,0,0
BRDA:204,22,0,0
BRDA:204,22,1,0
BRF:37
BRH:12
end_of_record
TN:
SF:src\modules\assurance\services\tickets.service.ts
FN:115,isTicketNumberUniqueViolation
FN:130,(anonymous_5)
FN:138,(anonymous_6)
FN:158,(anonymous_7)
FN:162,(anonymous_8)
FN:276,(anonymous_9)
FN:284,(anonymous_10)
FN:323,(anonymous_11)
FN:378,(anonymous_12)
FN:403,(anonymous_13)
FN:406,(anonymous_14)
FN:418,(anonymous_15)
FN:422,(anonymous_16)
FN:493,(anonymous_17)
FN:506,(anonymous_18)
FN:514,(anonymous_19)
FN:590,(anonymous_20)
FN:598,(anonymous_21)
FN:659,(anonymous_22)
FN:667,(anonymous_23)
FN:707,(anonymous_24)
FN:719,(anonymous_25)
FN:725,(anonymous_26)
FNF:23
FNH:19
FNDA:0,isTicketNumberUniqueViolation
FNDA:36,(anonymous_5)
FNDA:5,(anonymous_6)
FNDA:4,(anonymous_7)
FNDA:4,(anonymous_8)
FNDA:19,(anonymous_9)
FNDA:51,(anonymous_10)
FNDA:17,(anonymous_11)
FNDA:13,(anonymous_12)
FNDA:1,(anonymous_13)
FNDA:1,(anonymous_14)
FNDA:0,(anonymous_15)
FNDA:0,(anonymous_16)
FNDA:0,(anonymous_17)
FNDA:7,(anonymous_18)
FNDA:5,(anonymous_19)
FNDA:2,(anonymous_20)
FNDA:2,(anonymous_21)
FNDA:1,(anonymous_22)
FNDA:1,(anonymous_23)
FNDA:9,(anonymous_24)
FNDA:2,(anonymous_25)
FNDA:2,(anonymous_26)
DA:1,5
DA:8,5
DA:9,5
DA:10,5
DA:17,5
DA:18,5
DA:19,5
DA:20,5
DA:33,5
DA:52,5
DA:53,5
DA:54,5
DA:55,5
DA:57,5
DA:58,5
DA:65,5
DA:67,5
DA:75,5
DA:118,0
DA:119,0
DA:122,0
DA:123,0
DA:129,5
DA:131,36
DA:132,36
DA:133,36
DA:134,36
DA:135,36
DA:142,5
DA:143,5
DA:144,5
DA:146,5
DA:154,5
DA:155,5
DA:159,4
DA:160,4
DA:162,4
DA:163,4
DA:164,4
DA:165,4
DA:167,4
DA:168,4
DA:169,3
DA:181,4
DA:185,4
DA:187,4
DA:188,4
DA:190,4
DA:218,4
DA:219,4
DA:220,4
DA:222,0
DA:223,0
DA:224,0
DA:226,0
DA:231,4
DA:232,0
DA:235,4
DA:236,4
DA:237,0
DA:238,0
DA:245,4
DA:253,4
DA:254,0
DA:263,4
DA:264,1
DA:272,4
DA:277,19
DA:278,19
DA:279,19
DA:283,17
DA:284,51
DA:286,17
DA:323,17
DA:324,17
DA:329,17
DA:330,0
DA:331,17
DA:332,0
DA:337,17
DA:338,0
DA:341,17
DA:342,0
DA:345,17
DA:346,0
DA:349,17
DA:350,1
DA:353,17
DA:354,1
DA:360,17
DA:361,6
DA:366,17
DA:369,17
DA:370,17
DA:372,17
DA:378,17
DA:383,17
DA:386,17
DA:404,1
DA:406,1
DA:407,1
DA:409,1
DA:410,0
DA:413,1
DA:414,0
DA:419,0
DA:420,0
DA:422,0
DA:423,0
DA:425,0
DA:426,0
DA:429,0
DA:431,0
DA:432,0
DA:433,0
DA:434,0
DA:435,0
DA:436,0
DA:437,0
DA:438,0
DA:439,0
DA:440,0
DA:441,0
DA:443,0
DA:444,0
DA:450,0
DA:451,0
DA:452,0
DA:453,0
DA:456,0
DA:457,0
DA:459,0
DA:461,0
DA:465,0
DA:479,0
DA:480,0
DA:489,0
DA:494,0
DA:496,0
DA:511,7
DA:512,7
DA:514,5
DA:515,5
DA:517,5
DA:518,0
DA:521,5
DA:523,5
DA:524,5
DA:525,1
DA:531,4
DA:535,3
DA:536,3
DA:537,2
DA:543,2
DA:544,2
DA:546,2
DA:555,0
DA:558,2
DA:559,2
DA:562,2
DA:563,0
DA:566,2
DA:567,2
DA:569,2
DA:571,2
DA:586,2
DA:595,2
DA:596,2
DA:598,2
DA:599,2
DA:601,2
DA:602,0
DA:605,2
DA:607,2
DA:608,1
DA:613,1
DA:621,1
DA:623,1
DA:628,1
DA:629,1
DA:632,1
DA:633,1
DA:635,1
DA:637,1
DA:645,1
DA:655,1
DA:664,1
DA:665,1
DA:667,1
DA:668,1
DA:670,1
DA:671,0
DA:674,1
DA:676,1
DA:684,1
DA:686,1
DA:695,1
DA:703,1
DA:708,9
DA:709,1
DA:723,2
DA:725,2
DA:726,2
DA:736,2
DA:737,1
DA:740,1
DA:742,1
DA:758,1
DA:759,1
LF:209
LH:151
BRDA:118,0,0,0
BRDA:124,1,0,0
BRDA:124,1,1,0
BRDA:154,2,0,5
BRDA:154,2,1,0
BRDA:165,3,0,0
BRDA:165,3,1,4
BRDA:168,4,0,3
BRDA:169,5,0,0
BRDA:169,5,1,3
BRDA:177,6,0,3
BRDA:177,6,1,0
BRDA:181,7,0,1
BRDA:181,7,1,3
BRDA:195,8,0,4
BRDA:195,8,1,0
BRDA:198,9,0,4
BRDA:198,9,1,4
BRDA:200,10,0,4
BRDA:200,10,1,3
BRDA:201,11,0,4
BRDA:201,11,1,3
BRDA:202,12,0,4
BRDA:202,12,1,3
BRDA:203,13,0,4
BRDA:203,13,1,4
BRDA:204,14,0,4
BRDA:204,14,1,2
BRDA:205,15,0,4
BRDA:205,15,1,3
BRDA:205,15,2,3
BRDA:222,16,0,0
BRDA:222,17,0,0
BRDA:222,17,1,0
BRDA:223,18,0,0
BRDA:223,19,0,0
BRDA:223,19,1,0
BRDA:231,20,0,0
BRDA:236,21,0,0
BRDA:253,22,0,0
BRDA:263,23,0,1
BRDA:329,24,0,0
BRDA:329,24,1,17
BRDA:331,25,0,0
BRDA:337,26,0,0
BRDA:341,27,0,0
BRDA:345,28,0,0
BRDA:349,29,0,1
BRDA:353,30,0,1
BRDA:360,31,0,6
BRDA:397,32,0,17
BRDA:397,32,1,17
BRDA:398,33,0,17
BRDA:398,33,1,17
BRDA:409,34,0,0
BRDA:425,35,0,0
BRDA:432,36,0,0
BRDA:433,37,0,0
BRDA:434,38,0,0
BRDA:435,39,0,0
BRDA:436,40,0,0
BRDA:437,41,0,0
BRDA:438,42,0,0
BRDA:439,43,0,0
BRDA:440,44,0,0
BRDA:441,45,0,0
BRDA:443,46,0,0
BRDA:443,47,0,0
BRDA:443,47,1,0
BRDA:451,48,0,0
BRDA:451,48,1,0
BRDA:461,49,0,0
BRDA:462,50,0,0
BRDA:462,50,1,0
BRDA:468,51,0,0
BRDA:468,51,1,0
BRDA:479,52,0,0
BRDA:479,53,0,0
BRDA:479,53,1,0
BRDA:517,54,0,0
BRDA:523,55,0,5
BRDA:523,55,1,0
BRDA:524,56,0,1
BRDA:531,57,0,3
BRDA:532,58,0,4
BRDA:532,58,1,3
BRDA:532,58,2,1
BRDA:536,59,0,2
BRDA:546,60,0,0
BRDA:547,61,0,2
BRDA:547,61,1,0
BRDA:558,62,0,2
BRDA:562,63,0,0
BRDA:575,64,0,0
BRDA:575,64,1,2
BRDA:581,65,0,2
BRDA:581,65,1,0
BRDA:601,66,0,0
BRDA:607,67,0,1
BRDA:619,68,0,1
BRDA:619,68,1,0
BRDA:628,69,0,1
BRDA:641,70,0,1
BRDA:641,70,1,0
BRDA:652,71,0,1
BRDA:652,71,1,0
BRDA:670,72,0,0
BRDA:682,73,0,1
BRDA:682,73,1,0
BRDA:699,74,0,1
BRDA:699,74,1,0
BRDA:708,75,0,1
BRDA:708,76,0,9
BRDA:708,76,1,1
BRDA:736,77,0,1
BRF:115
BRH:54
end_of_record
TN:
SF:src\modules\assurance\services\timeline.service.ts
FN:17,(anonymous_4)
FN:20,(anonymous_5)
FN:37,(anonymous_6)
FN:40,(anonymous_7)
FNF:4
FNH:0
FNDA:0,(anonymous_4)
FNDA:0,(anonymous_5)
FNDA:0,(anonymous_6)
FNDA:0,(anonymous_7)
DA:1,7
DA:2,7
DA:3,7
DA:4,7
DA:16,7
DA:17,0
DA:24,0
DA:33,0
DA:38,0
DA:40,0
DA:41,0
LF:11
LH:5
BRDA:28,0,0,0
BRDA:28,0,1,0
BRF:2
BRH:0
end_of_record
TN:
SF:src\modules\audit\audit-actor.resolver.ts
FN:14,compactName
FN:16,(anonymous_5)
FN:22,shortId
FN:32,(anonymous_7)
FN:37,(anonymous_8)
FN:41,(anonymous_9)
FN:49,(anonymous_10)
FN:57,(anonymous_11)
FN:65,(anonymous_12)
FN:72,(anonymous_13)
FN:93,(anonymous_14)
FNF:11
FNH:11
FNDA:3,compactName
FNDA:6,(anonymous_5)
FNDA:1,shortId
FNDA:3,(anonymous_7)
FNDA:2,(anonymous_8)
FNDA:5,(anonymous_9)
FNDA:1,(anonymous_10)
FNDA:1,(anonymous_11)
FNDA:1,(anonymous_12)
FNDA:2,(anonymous_13)
FNDA:1,(anonymous_14)
DA:1,10
DA:2,10
DA:3,10
DA:4,10
DA:15,3
DA:16,6
DA:19,3
DA:23,1
DA:31,10
DA:34,3
DA:41,5
DA:42,2
DA:44,2
DA:50,1
DA:58,1
DA:69,1
DA:70,1
DA:71,1
DA:72,2
DA:77,1
DA:78,1
DA:80,2
DA:81,2
DA:90,1
DA:94,1
DA:95,1
DA:101,1
DA:102,1
DA:104,1
DA:105,1
DA:114,1
LF:31
LH:31
BRDA:19,0,0,3
BRDA:19,0,1,1
BRDA:23,1,0,1
BRDA:23,1,1,0
BRDA:42,2,0,0
BRDA:44,3,0,1
BRDA:44,3,1,1
BRDA:69,4,0,1
BRDA:69,4,1,0
BRDA:80,5,0,2
BRDA:80,5,1,1
BRDA:80,5,2,0
BRDA:104,6,0,1
BRDA:104,6,1,0
BRF:14
BRH:9
end_of_record
TN:
SF:src\modules\audit\audit-query.service.ts
FN:30,(anonymous_4)
FN:44,(anonymous_5)
FN:48,(anonymous_6)
FN:68,(anonymous_7)
FN:98,(anonymous_8)
FN:103,(anonymous_9)
FN:114,(anonymous_10)
FN:117,(anonymous_11)
FN:130,(anonymous_12)
FN:135,(anonymous_13)
FN:151,(anonymous_14)
FN:165,(anonymous_15)
FN:175,(anonymous_16)
FNF:13
FNH:12
FNDA:8,(anonymous_4)
FNDA:6,(anonymous_5)
FNDA:6,(anonymous_6)
FNDA:0,(anonymous_7)
FNDA:6,(anonymous_8)
FNDA:6,(anonymous_9)
FNDA:2,(anonymous_10)
FNDA:2,(anonymous_11)
FNDA:5001,(anonymous_12)
FNDA:5001,(anonymous_13)
FNDA:2,(anonymous_14)
FNDA:5001,(anonymous_15)
FNDA:6,(anonymous_16)
DA:1,3
DA:2,3
DA:3,3
DA:4,3
DA:6,3
DA:8,3
DA:15,3
DA:27,3
DA:28,8
DA:32,8
DA:33,8
DA:45,6
DA:46,6
DA:48,6
DA:49,6
DA:56,6
DA:57,6
DA:58,0
DA:59,6
DA:60,6
DA:62,6
DA:65,6
DA:66,0
DA:67,0
DA:69,0
DA:79,6
DA:82,6
DA:83,6
DA:84,6
DA:85,0
DA:86,6
DA:87,6
DA:88,6
DA:89,6
DA:91,6
DA:92,6
DA:93,6
DA:95,6
DA:97,6
DA:98,6
DA:102,6
DA:103,6
DA:115,2
DA:117,2
DA:118,2
DA:119,2
DA:121,2
DA:127,2
DA:128,2
DA:129,2
DA:130,5001
DA:134,2
DA:135,5001
DA:147,2
DA:152,2
DA:154,2
DA:155,2
DA:156,2
DA:157,2
DA:159,2
DA:160,2
DA:162,2
DA:169,5001
DA:170,0
DA:172,5001
DA:179,6
DA:183,6
LF:67
LH:61
BRDA:46,0,0,6
BRDA:46,0,1,0
BRDA:56,1,0,0
BRDA:57,2,0,0
BRDA:59,3,0,0
BRDA:60,4,0,0
BRDA:65,5,0,0
BRDA:83,6,0,0
BRDA:84,7,0,0
BRDA:86,8,0,0
BRDA:87,9,0,0
BRDA:92,10,0,0
BRDA:92,10,1,6
BRDA:95,11,0,0
BRDA:95,11,1,6
BRDA:95,12,0,6
BRDA:95,12,1,0
BRDA:128,13,0,1
BRDA:128,13,1,1
BRDA:154,14,0,0
BRDA:155,15,0,0
BRDA:156,16,0,0
BRDA:157,17,0,0
BRDA:160,18,0,1
BRDA:169,19,0,0
BRDA:172,20,0,5001
BRDA:172,20,1,0
BRDA:179,21,0,5
BRDA:179,21,1,1
BRDA:180,22,0,5
BRDA:180,22,1,0
BRF:31
BRH:11
end_of_record
TN:
SF:src\modules\audit\audit.controller.ts
FN:33,(anonymous_4)
FN:51,(anonymous_5)
FN:69,(anonymous_6)
FNF:3
FNH:0
FNDA:0,(anonymous_4)
FNDA:0,(anonymous_5)
FNDA:0,(anonymous_6)
DA:1,2
DA:2,2
DA:4,2
DA:5,2
DA:6,2
DA:7,2
DA:8,2
DA:9,2
DA:10,2
DA:11,2
DA:12,2
DA:32,2
DA:33,0
DA:51,2
DA:52,0
DA:69,2
DA:73,0
DA:74,0
DA:75,0
DA:79,0
DA:80,0
DA:82,0
DA:83,0
LF:23
LH:14
BRDA:79,0,0,0
BRF:1
BRH:0
end_of_record
TN:
SF:src\modules\audit\audit.interceptor.ts
FN:185,(anonymous_2)
FN:193,(anonymous_3)
FN:210,(anonymous_4)
FN:216,(anonymous_5)
FN:266,(anonymous_6)
FN:327,(anonymous_7)
FN:338,(anonymous_8)
FN:371,(anonymous_9)
FN:380,(anonymous_10)
FN:400,(anonymous_11)
FN:422,(anonymous_12)
FNF:11
FNH:11
FNDA:69,(anonymous_2)
FNDA:69,(anonymous_3)
FNDA:15,(anonymous_4)
FNDA:15,(anonymous_5)
FNDA:9,(anonymous_6)
FNDA:1,(anonymous_7)
FNDA:14,(anonymous_8)
FNDA:56,(anonymous_9)
FNDA:168,(anonymous_10)
FNDA:4,(anonymous_11)
FNDA:178,(anonymous_12)
DA:1,4
DA:2,4
DA:5,4
DA:6,4
DA:7,4
DA:8,4
DA:9,4
DA:10,4
DA:11,4
DA:43,4
DA:44,15
DA:58,4
DA:64,4
DA:155,4
DA:161,4
DA:182,4
DA:186,69
DA:194,69
DA:195,0
DA:198,69
DA:200,69
DA:201,3
DA:204,66
DA:208,4
DA:211,15
DA:212,15
DA:213,15
DA:218,15
DA:220,14
DA:221,14
DA:224,14
DA:225,14
DA:228,13
DA:232,13
DA:235,12
DA:236,12
DA:243,12
DA:245,12
DA:249,10
DA:254,10
DA:257,10
DA:258,10
DA:259,10
DA:262,10
DA:264,10
DA:268,9
DA:270,9
DA:276,9
DA:282,9
DA:284,9
DA:295,9
DA:297,2
DA:298,7
DA:300,6
DA:311,1
DA:315,1
DA:339,14
DA:341,10
DA:344,2
DA:346,1
DA:348,1
DA:375,56
DA:377,53
DA:381,168
DA:382,3
DA:385,165
DA:386,50
DA:391,115
DA:392,2
DA:395,113
DA:396,0
DA:399,113
DA:400,4
DA:403,111
DA:405,111
DA:406,178
DA:407,67
DA:410,111
DA:413,111
DA:423,178
DA:426,178
DA:427,2
DA:430,176
DA:431,29
DA:434,147
DA:435,64
DA:438,83
DA:439,21
DA:442,62
LF:89
LH:87
BRDA:194,0,0,0
BRDA:200,1,0,3
BRDA:218,2,0,1
BRDA:225,3,0,1
BRDA:232,4,0,1
BRDA:245,5,0,2
BRDA:245,6,0,12
BRDA:245,6,1,10
BRDA:245,6,2,3
BRDA:249,7,0,10
BRDA:249,7,1,8
BRDA:254,8,0,10
BRDA:254,8,1,5
BRDA:257,9,0,10
BRDA:257,9,1,0
BRDA:257,9,2,0
BRDA:259,10,0,0
BRDA:259,10,1,10
BRDA:262,11,0,10
BRDA:262,11,1,6
BRDA:268,12,0,9
BRDA:268,12,1,0
BRDA:268,13,0,9
BRDA:268,13,1,9
BRDA:270,14,0,8
BRDA:270,14,1,1
BRDA:270,15,0,9
BRDA:270,15,1,8
BRDA:276,16,0,9
BRDA:276,16,1,5
BRDA:276,16,2,0
BRDA:277,17,0,5
BRDA:277,17,1,0
BRDA:282,18,0,8
BRDA:282,18,1,1
BRDA:295,19,0,2
BRDA:295,19,1,7
BRDA:298,20,0,6
BRDA:298,20,1,1
BRDA:313,21,0,1
BRDA:313,21,1,0
BRDA:320,22,0,1
BRDA:320,22,1,0
BRDA:339,23,0,10
BRDA:339,23,1,0
BRDA:339,23,2,2
BRDA:339,23,3,1
BRDA:339,23,4,1
BRDA:375,24,0,3
BRDA:375,25,0,56
BRDA:375,25,1,55
BRDA:375,25,2,54
BRDA:381,26,0,3
BRDA:385,27,0,50
BRDA:385,28,0,165
BRDA:385,28,1,164
BRDA:391,29,0,2
BRDA:395,30,0,0
BRDA:399,31,0,2
BRDA:406,32,0,67
BRDA:426,33,0,2
BRDA:430,34,0,29
BRDA:431,35,0,29
BRDA:431,35,1,0
BRDA:434,36,0,64
BRDA:438,37,0,21
BRF:66
BRH:54
end_of_record
TN:
SF:src\modules\audit\audit.module.ts
FN:44,(anonymous_1)
FN:44,(anonymous_2)
FNF:2
FNH:0
FNDA:0,(anonymous_1)
FNDA:0,(anonymous_2)
DA:1,2
DA:2,2
DA:3,2
DA:4,2
DA:5,2
DA:6,2
DA:7,2
DA:8,2
DA:9,2
DA:35,2
DA:44,2
LF:11
LH:11
BRF:0
BRH:0
end_of_record
TN:
SF:src\modules\audit\audit.service.ts
FN:30,(anonymous_4)
FN:39,(anonymous_5)
FN:55,(anonymous_6)
FNF:3
FNH:3
FNDA:6,(anonymous_4)
FNDA:6,(anonymous_5)
FNDA:4,(anonymous_6)
DA:1,62
DA:2,62
DA:3,62
DA:4,62
DA:27,62
DA:28,6
DA:32,6
DA:40,6
DA:42,6
DA:43,6
DA:45,6
DA:46,5
DA:47,5
DA:49,1
DA:51,4
DA:52,4
DA:55,5
DA:56,4
DA:69,4
DA:73,1
LF:20
LH:20
BRDA:45,0,0,5
BRDA:45,1,0,6
BRDA:45,1,1,2
BRDA:47,2,0,1
BRDA:58,3,0,4
BRDA:58,3,1,0
BRDA:62,4,0,4
BRDA:62,4,1,4
BRDA:63,5,0,4
BRDA:63,5,1,4
BRDA:64,6,0,4
BRDA:64,6,1,3
BRDA:65,7,0,4
BRDA:65,7,1,3
BRDA:66,8,0,4
BRDA:66,8,1,4
BRF:16
BRH:15
end_of_record
TN:
SF:src\modules\audit\platform-audit.controller.ts
FN:22,(anonymous_4)
FN:35,(anonymous_5)
FN:52,(anonymous_6)
FNF:3
FNH:2
FNDA:1,(anonymous_4)
FNDA:1,(anonymous_5)
FNDA:0,(anonymous_6)
DA:1,4
DA:2,4
DA:4,4
DA:5,4
DA:6,4
DA:7,4
DA:8,4
DA:9,4
DA:10,4
DA:11,4
DA:12,4
DA:13,4
DA:21,4
DA:22,1
DA:35,4
DA:36,1
DA:52,4
DA:56,0
DA:57,0
DA:58,0
DA:62,0
DA:63,0
DA:65,0
DA:66,0
LF:24
LH:17
BRDA:62,0,0,0
BRF:1
BRH:0
end_of_record
TN:
SF:src\modules\audit\platform-audit.service.ts
FN:37,(anonymous_4)
FN:47,(anonymous_5)
FN:77,(anonymous_6)
FN:97,(anonymous_7)
FN:126,(anonymous_8)
FN:131,(anonymous_9)
FN:141,(anonymous_10)
FN:154,(anonymous_11)
FN:159,(anonymous_12)
FN:174,(anonymous_13)
FN:187,(anonymous_14)
FN:197,(anonymous_15)
FNF:12
FNH:11
FNDA:17,(anonymous_4)
FNDA:6,(anonymous_5)
FNDA:8,(anonymous_6)
FNDA:0,(anonymous_7)
FNDA:9,(anonymous_8)
FNDA:9,(anonymous_9)
FNDA:3,(anonymous_10)
FNDA:5001,(anonymous_11)
FNDA:5001,(anonymous_12)
FNDA:3,(anonymous_13)
FNDA:5001,(anonymous_14)
FNDA:9,(anonymous_15)
DA:1,8
DA:2,8
DA:3,8
DA:4,8
DA:6,8
DA:9,8
DA:16,8
DA:34,8
DA:35,17
DA:39,17
DA:40,17
DA:48,6
DA:49,6
DA:50,6
DA:61,6
DA:63,1
DA:78,8
DA:80,8
DA:86,8
DA:87,8
DA:88,1
DA:89,8
DA:91,8
DA:94,8
DA:95,1
DA:96,1
DA:98,0
DA:108,8
DA:111,8
DA:112,8
DA:113,8
DA:114,1
DA:115,8
DA:116,8
DA:117,8
DA:119,8
DA:120,8
DA:121,8
DA:123,8
DA:125,8
DA:126,9
DA:130,8
DA:131,9
DA:142,3
DA:143,3
DA:145,3
DA:151,3
DA:152,3
DA:153,3
DA:154,5001
DA:158,3
DA:159,5001
DA:171,3
DA:175,3
DA:177,3
DA:178,3
DA:179,3
DA:181,3
DA:182,3
DA:184,3
DA:191,5001
DA:192,0
DA:194,5001
DA:201,9
DA:205,9
LF:65
LH:63
BRDA:51,0,0,6
BRDA:51,0,1,1
BRDA:55,1,0,6
BRDA:55,1,1,5
BRDA:56,2,0,6
BRDA:56,2,1,5
BRDA:57,3,0,6
BRDA:57,3,1,0
BRDA:58,4,0,6
BRDA:58,4,1,0
BRDA:59,5,0,6
BRDA:59,5,1,6
BRDA:77,6,0,0
BRDA:78,7,0,8
BRDA:78,7,1,0
BRDA:86,8,0,1
BRDA:87,9,0,1
BRDA:89,10,0,0
BRDA:94,11,0,1
BRDA:112,12,0,1
BRDA:113,13,0,1
BRDA:115,14,0,0
BRDA:120,15,0,1
BRDA:120,15,1,7
BRDA:123,16,0,1
BRDA:123,16,1,7
BRDA:123,17,0,8
BRDA:123,17,1,1
BRDA:141,18,0,0
BRDA:152,19,0,1
BRDA:152,19,1,2
BRDA:177,20,0,1
BRDA:178,21,0,0
BRDA:179,22,0,0
BRDA:182,23,0,1
BRDA:191,24,0,0
BRDA:194,25,0,5001
BRDA:194,25,1,0
BRDA:201,26,0,9
BRDA:201,26,1,0
BRDA:202,27,0,9
BRDA:202,27,1,0
BRF:42
BRH:29
end_of_record
TN:
SF:src\modules\audit\decorators\audit-entity.decorator.ts
FN:15,(anonymous_0)
FNF:1
FNH:1
FNDA:2,(anonymous_0)
DA:1,6
DA:14,6
DA:15,6
LF:3
LH:3
BRF:0
BRH:0
end_of_record
TN:
SF:src\modules\audit\decorators\skip-audit.decorator.ts
FN:13,(anonymous_0)
FNF:1
FNH:1
FNDA:74,(anonymous_0)
DA:1,17
DA:12,17
DA:13,74
LF:3
LH:3
BRF:0
BRH:0
end_of_record
TN:
SF:src\modules\audit\dto\audit-actor.dto.ts
FNF:0
FNH:0
DA:1,4
DA:9,4
DA:11,4
DA:14,4
DA:17,4
DA:20,4
DA:25,4
DA:28,4
LF:8
LH:8
BRF:0
BRH:0
end_of_record
TN:
SF:src\modules\audit\dto\audit-log-response.dto.ts
FNF:0
FNH:0
DA:1,4
DA:2,4
DA:4,4
DA:6,4
DA:9,4
DA:12,4
DA:15,4
DA:18,4
DA:21,4
DA:24,4
DA:27,4
DA:30,4
DA:33,4
DA:36,4
DA:39,4
DA:42,4
DA:45,4
DA:47,4
DA:50,4
DA:53,4
DA:56,4
DA:58,4
DA:61,4
DA:64,4
LF:24
LH:24
BRF:0
BRH:0
end_of_record
TN:
SF:src\modules\audit\dto\query-audit-logs.dto.ts
FN:33,(anonymous_2)
FNF:1
FNH:0
FNDA:0,(anonymous_2)
DA:1,2
DA:2,2
DA:3,2
DA:4,2
DA:12,2
DA:23,2
DA:33,0
DA:36,2
DA:42,2
DA:51,2
DA:57,2
DA:66,2
DA:75,2
DA:84,2
LF:14
LH:13
BRF:0
BRH:0
end_of_record
TN:
SF:src\modules\audit\dto\query-platform-audit-logs.dto.ts
FN:26,(anonymous_2)
FNF:1
FNH:0
FNDA:0,(anonymous_2)
DA:1,4
DA:2,4
DA:3,4
DA:4,4
DA:10,4
DA:17,4
DA:26,0
DA:29,4
DA:34,4
DA:42,4
DA:50,4
DA:58,4
DA:66,4
LF:13
LH:12
BRF:0
BRH:0
end_of_record
TN:
SF:src\modules\audit\helpers\audit-export.helper.ts
FN:35,buildCreatedAtFilter
FN:63,applyCreatedAtFilter
FN:85,escapeCsvCell
FN:93,buildAuditCsv
FNF:4
FNH:4
FNDA:9,buildCreatedAtFilter
FNDA:28,applyCreatedAtFilter
FNDA:70073,escapeCsvCell
FNDA:7,buildAuditCsv
DA:1,10
DA:10,10
DA:12,10
DA:35,10
DA:39,9
DA:40,3
DA:42,6
DA:43,1
DA:45,5
DA:46,1
DA:48,4
DA:63,10
DA:69,28
DA:70,6
DA:74,22
DA:75,4
DA:78,18
DA:79,4
DA:86,70073
DA:93,10
DA:97,7
DA:98,7
DA:100,7
DA:101,3
DA:102,3
DA:105,7
DA:107,7
DA:108,10003
DA:117,10003
DA:120,7
LF:30
LH:30
BRDA:39,0,0,3
BRDA:39,1,0,9
BRDA:39,1,1,4
BRDA:42,2,0,1
BRDA:45,3,0,1
BRDA:69,4,0,6
BRDA:69,4,1,22
BRDA:69,5,0,28
BRDA:69,5,1,10
BRDA:74,6,0,4
BRDA:74,6,1,18
BRDA:78,7,0,4
BRDA:100,8,0,3
BRDA:101,9,0,3
BRDA:101,9,1,0
BRDA:112,10,0,10003
BRDA:112,10,1,0
BRDA:114,11,0,10003
BRDA:114,11,1,0
BRDA:115,12,0,10003
BRDA:115,12,1,0
BRF:21
BRH:17
end_of_record
TN:
SF:src\modules\audit\utils\object-diff.util.ts
FN:18,truncate
FN:35,diffObjects
FNF:2
FNH:0
FNDA:0,truncate
FNDA:0,diffObjects
DA:6,0
DA:16,0
DA:19,0
DA:20,0
DA:22,0
DA:35,0
DA:39,0
DA:41,0
DA:43,0
DA:44,0
DA:45,0
DA:47,0
DA:48,0
DA:50,0
DA:51,0
DA:53,0
DA:54,0
DA:62,0
LF:18
LH:0
BRDA:19,0,0,0
BRDA:19,1,0,0
BRDA:19,1,1,0
BRDA:41,2,0,0
BRDA:41,3,0,0
BRDA:41,3,1,0
BRDA:43,4,0,0
BRDA:43,4,1,0
BRDA:44,5,0,0
BRDA:44,5,1,0
BRDA:48,6,0,0
BRDA:53,7,0,0
BRDA:56,8,0,0
BRDA:56,8,1,0
BRDA:57,9,0,0
BRDA:57,9,1,0
BRF:16
BRH:0
end_of_record
TN:
SF:src\modules\auth\auth.constants.ts
FNF:0
FNH:0
DA:16,4
DA:19,4
DA:22,4
DA:25,4
DA:28,4
DA:31,4
DA:34,4
DA:43,4
LF:8
LH:8
BRF:0
BRH:0
end_of_record
TN:
SF:src\modules\auth\auth.controller.ts
FN:68,(anonymous_4)
FN:84,(anonymous_5)
FN:122,(anonymous_6)
FN:151,(anonymous_7)
FN:181,(anonymous_8)
FN:204,(anonymous_9)
FN:229,(anonymous_10)
FN:245,(anonymous_11)
FN:263,(anonymous_12)
FN:286,(anonymous_13)
FN:303,(anonymous_14)
FN:319,(anonymous_15)
FN:344,(anonymous_16)
FN:363,(anonymous_17)
FNF:14
FNH:7
FNDA:2,(anonymous_4)
FNDA:4,(anonymous_5)
FNDA:0,(anonymous_6)
FNDA:2,(anonymous_7)
FNDA:1,(anonymous_8)
FNDA:1,(anonymous_9)
FNDA:1,(anonymous_10)
FNDA:0,(anonymous_11)
FNDA:0,(anonymous_12)
FNDA:0,(anonymous_13)
FNDA:0,(anonymous_14)
FNDA:2,(anonymous_15)
FNDA:0,(anonymous_16)
FNDA:0,(anonymous_17)
DA:1,4
DA:13,4
DA:15,4
DA:16,4
DA:17,4
DA:18,4
DA:19,4
DA:20,4
DA:30,4
DA:35,4
DA:41,4
DA:67,4
DA:68,2
DA:84,4
DA:89,4
DA:90,4
DA:92,4
DA:94,4
DA:96,3
DA:99,4
DA:122,4
DA:126,0
DA:127,0
DA:129,0
DA:131,0
DA:151,4
DA:155,2
DA:157,2
DA:158,1
DA:161,1
DA:162,1
DA:164,1
DA:166,1
DA:168,1
DA:181,4
DA:186,1
DA:188,1
DA:191,1
DA:193,1
DA:204,4
DA:205,1
DA:229,4
DA:230,1
DA:231,1
DA:245,4
DA:249,0
DA:250,0
DA:263,4
DA:267,0
DA:268,0
DA:286,4
DA:287,0
DA:288,0
DA:303,4
DA:304,0
DA:305,0
DA:319,4
DA:323,2
DA:324,2
DA:344,4
DA:346,0
DA:347,0
DA:348,0
DA:363,4
DA:367,0
DA:368,0
DA:369,0
LF:67
LH:49
BRDA:89,0,0,4
BRDA:89,0,1,0
BRDA:94,1,0,3
BRDA:94,2,0,4
BRDA:94,2,1,3
BRDA:102,3,0,1
BRDA:102,3,1,3
BRDA:105,4,0,0
BRDA:105,4,1,4
BRDA:126,5,0,0
BRDA:126,5,1,0
BRDA:134,6,0,0
BRDA:134,6,1,0
BRDA:157,7,0,1
BRDA:161,8,0,1
BRDA:161,8,1,0
BRF:16
BRH:9
end_of_record
TN:
SF:src\modules\auth\auth.module.ts
FN:43,(anonymous_1)
FNF:1
FNH:0
FNDA:0,(anonymous_1)
DA:1,2
DA:2,2
DA:3,2
DA:4,2
DA:5,2
DA:6,2
DA:7,2
DA:8,2
DA:9,2
DA:10,2
DA:11,2
DA:12,2
DA:13,2
DA:14,2
DA:15,2
DA:16,2
DA:43,0
DA:87,2
LF:18
LH:17
BRF:0
BRH:0
end_of_record
TN:
SF:src\modules\auth\auth.service.ts
FN:100,(anonymous_14)
FN:129,(anonymous_15)
FN:205,(anonymous_16)
FN:212,(anonymous_17)
FN:340,(anonymous_18)
FN:347,(anonymous_19)
FN:423,(anonymous_20)
FN:440,(anonymous_21)
FN:472,(anonymous_22)
FN:500,(anonymous_23)
FN:519,(anonymous_24)
FN:546,(anonymous_25)
FN:549,(anonymous_26)
FN:586,(anonymous_27)
FN:591,(anonymous_28)
FN:636,(anonymous_29)
FN:639,(anonymous_30)
FN:698,(anonymous_31)
FN:701,(anonymous_32)
FN:748,(anonymous_33)
FN:749,(anonymous_34)
FN:788,(anonymous_35)
FN:789,(anonymous_36)
FN:829,(anonymous_37)
FN:863,(anonymous_38)
FN:922,(anonymous_39)
FN:953,(anonymous_40)
FN:980,(anonymous_41)
FN:988,(anonymous_42)
FN:1019,(anonymous_43)
FN:1045,(anonymous_44)
FN:1053,(anonymous_45)
FN:1062,(anonymous_46)
FN:1079,(anonymous_47)
FN:1083,(anonymous_48)
FN:1097,(anonymous_49)
FN:1104,(anonymous_50)
FN:1115,(anonymous_51)
FNF:38
FNH:37
FNDA:67,(anonymous_14)
FNDA:8,(anonymous_15)
FNDA:19,(anonymous_16)
FNDA:19,(anonymous_17)
FNDA:6,(anonymous_18)
FNDA:6,(anonymous_19)
FNDA:1,(anonymous_20)
FNDA:1,(anonymous_21)
FNDA:1,(anonymous_22)
FNDA:3,(anonymous_23)
FNDA:1,(anonymous_24)
FNDA:3,(anonymous_25)
FNDA:3,(anonymous_26)
FNDA:4,(anonymous_27)
FNDA:4,(anonymous_28)
FNDA:7,(anonymous_29)
FNDA:7,(anonymous_30)
FNDA:3,(anonymous_31)
FNDA:3,(anonymous_32)
FNDA:4,(anonymous_33)
FNDA:4,(anonymous_34)
FNDA:2,(anonymous_35)
FNDA:2,(anonymous_36)
FNDA:4,(anonymous_37)
FNDA:3,(anonymous_38)
FNDA:10,(anonymous_39)
FNDA:2,(anonymous_40)
FNDA:1,(anonymous_41)
FNDA:6,(anonymous_42)
FNDA:3,(anonymous_43)
FNDA:23,(anonymous_44)
FNDA:12,(anonymous_45)
FNDA:2,(anonymous_46)
FNDA:2,(anonymous_47)
FNDA:2,(anonymous_48)
FNDA:5,(anonymous_49)
FNDA:4,(anonymous_50)
FNDA:0,(anonymous_51)
DA:1,3
DA:9,3
DA:10,3
DA:11,3
DA:12,3
DA:13,3
DA:14,3
DA:15,3
DA:16,3
DA:17,3
DA:18,3
DA:19,3
DA:20,3
DA:21,3
DA:22,3
DA:23,3
DA:24,3
DA:25,3
DA:26,3
DA:27,3
DA:28,3
DA:39,3
DA:42,3
DA:49,3
DA:52,3
DA:55,3
DA:58,3
DA:61,3
DA:64,3
DA:87,3
DA:89,67
DA:102,67
DA:104,67
DA:106,67
DA:107,67
DA:108,67
DA:109,67
DA:110,67
DA:111,67
DA:112,67
DA:114,67
DA:115,67
DA:116,67
DA:134,8
DA:136,8
DA:141,8
DA:142,1
DA:145,7
DA:146,1
DA:149,6
DA:150,1
DA:153,5
DA:155,5
DA:156,1
DA:159,4
DA:160,3
DA:161,1
DA:167,2
DA:168,1
DA:171,1
DA:172,1
DA:173,1
DA:177,1
DA:181,1
DA:183,1
DA:210,19
DA:212,19
DA:213,19
DA:216,19
DA:221,19
DA:223,1
DA:227,18
DA:228,1
DA:231,17
DA:232,1
DA:236,16
DA:237,1
DA:238,1
DA:239,1
DA:245,15
DA:247,15
DA:248,3
DA:250,3
DA:258,3
DA:261,12
DA:262,1
DA:268,11
DA:269,3
DA:271,2
DA:279,1
DA:280,1
DA:281,1
DA:288,8
DA:289,4
DA:290,4
DA:298,4
DA:305,4
DA:306,4
DA:314,4
DA:323,4
DA:345,6
DA:347,6
DA:348,6
DA:350,6
DA:354,6
DA:355,1
DA:359,5
DA:361,1
DA:366,1
DA:372,4
DA:373,1
DA:377,3
DA:378,3
DA:379,1
DA:383,2
DA:389,2
DA:390,2
DA:399,2
DA:408,2
DA:426,1
DA:429,1
DA:430,1
DA:432,1
DA:434,1
DA:438,1
DA:439,1
DA:440,1
DA:441,1
DA:450,1
DA:477,1
DA:479,1
DA:480,1
DA:484,1
DA:486,1
DA:487,1
DA:489,1
DA:491,1
DA:501,3
DA:503,3
DA:504,3
DA:505,1
DA:509,2
DA:513,2
DA:514,2
DA:515,1
DA:519,1
DA:520,1
DA:527,1
DA:530,1
DA:537,1
DA:547,3
DA:549,3
DA:550,3
DA:551,3
DA:552,2
DA:554,2
DA:555,2
DA:558,1
DA:559,1
DA:561,1
DA:564,1
DA:571,1
DA:587,4
DA:589,4
DA:591,4
DA:592,4
DA:593,4
DA:595,3
DA:596,3
DA:601,3
DA:607,3
DA:615,3
DA:616,3
DA:623,3
DA:626,3
DA:637,7
DA:639,7
DA:641,7
DA:645,7
DA:646,2
DA:649,5
DA:650,1
DA:653,4
DA:655,4
DA:666,4
DA:673,4
DA:683,4
DA:684,1
DA:685,1
DA:687,1
DA:699,3
DA:701,3
DA:702,3
DA:703,3
DA:705,2
DA:706,2
DA:707,1
DA:712,1
DA:714,1
DA:720,1
DA:727,1
DA:749,4
DA:751,4
DA:755,4
DA:756,1
DA:760,3
DA:761,3
DA:764,3
DA:765,2
DA:768,3
DA:771,3
DA:789,2
DA:791,2
DA:792,2
DA:797,2
DA:798,1
DA:802,1
DA:803,1
DA:804,1
DA:807,1
DA:808,1
DA:809,1
DA:814,1
DA:850,4
DA:851,4
DA:853,4
DA:854,1
DA:856,1
DA:863,3
DA:864,3
DA:870,3
DA:871,1
DA:876,2
DA:877,2
DA:878,2
DA:880,2
DA:890,2
DA:898,2
DA:905,2
DA:923,10
DA:924,10
DA:925,10
DA:939,10
DA:947,10
DA:954,2
DA:955,2
DA:965,2
DA:973,2
DA:981,1
DA:995,6
DA:996,6
DA:997,6
DA:999,6
DA:1009,6
DA:1011,6
DA:1023,3
DA:1024,3
DA:1026,3
DA:1027,1
DA:1029,1
DA:1038,3
DA:1046,23
DA:1054,12
DA:1063,2
DA:1080,2
DA:1084,2
DA:1085,2
DA:1086,2
DA:1089,0
DA:1090,0
DA:1092,0
DA:1098,5
DA:1105,4
DA:1106,1
DA:1108,3
DA:1116,0
DA:1117,0
LF:277
LH:272
BRDA:141,0,0,1
BRDA:145,1,0,1
BRDA:149,2,0,1
BRDA:155,3,0,1
BRDA:159,4,0,3
BRDA:160,5,0,1
BRDA:167,6,0,1
BRDA:172,7,0,1
BRDA:221,8,0,1
BRDA:227,9,0,1
BRDA:231,10,0,1
BRDA:236,11,0,1
BRDA:236,12,0,16
BRDA:236,12,1,1
BRDA:247,13,0,3
BRDA:255,14,0,3
BRDA:255,14,1,3
BRDA:256,15,0,3
BRDA:256,15,1,3
BRDA:261,16,0,1
BRDA:268,17,0,3
BRDA:269,18,0,2
BRDA:280,19,0,1
BRDA:288,20,0,4
BRDA:288,21,0,8
BRDA:288,21,1,4
BRDA:319,22,0,4
BRDA:319,22,1,4
BRDA:320,23,0,4
BRDA:320,23,1,4
BRDA:354,24,0,1
BRDA:359,25,0,1
BRDA:372,26,0,1
BRDA:378,27,0,1
BRDA:378,28,0,3
BRDA:378,28,1,3
BRDA:404,29,0,2
BRDA:404,29,1,2
BRDA:405,30,0,2
BRDA:405,30,1,2
BRDA:426,31,0,1
BRDA:426,31,1,0
BRDA:426,31,2,0
BRDA:429,32,0,1
BRDA:429,32,1,0
BRDA:432,33,0,1
BRDA:438,34,0,1
BRDA:438,35,0,1
BRDA:438,35,1,1
BRDA:456,36,0,1
BRDA:456,36,1,0
BRDA:457,37,0,1
BRDA:457,37,1,0
BRDA:479,38,0,1
BRDA:504,39,0,1
BRDA:514,40,0,1
BRDA:551,41,0,1
BRDA:552,42,0,0
BRDA:555,43,0,1
BRDA:559,44,0,0
BRDA:593,45,0,1
BRDA:645,46,0,2
BRDA:645,47,0,7
BRDA:645,47,1,5
BRDA:649,48,0,1
BRDA:683,49,0,1
BRDA:703,50,0,1
BRDA:706,51,0,1
BRDA:755,52,0,1
BRDA:764,53,0,2
BRDA:797,54,0,1
BRDA:853,55,0,1
BRDA:870,56,0,1
BRDA:934,57,0,10
BRDA:934,57,1,0
BRDA:936,58,0,4
BRDA:936,58,1,6
BRDA:997,59,0,6
BRDA:997,59,1,4
BRDA:1005,60,0,6
BRDA:1005,60,1,6
BRDA:1006,61,0,6
BRDA:1006,61,1,6
BRDA:1023,62,0,3
BRDA:1023,62,1,0
BRDA:1026,63,0,1
BRDA:1055,64,0,12
BRDA:1055,64,1,2
BRDA:1055,64,2,1
BRDA:1085,65,0,2
BRDA:1105,66,0,1
BRF:91
BRH:82
end_of_record
TN:
SF:src\modules\auth\platform-bootstrap.service.ts
FN:22,(anonymous_13)
FN:30,(anonymous_14)
FN:67,(anonymous_15)
FNF:3
FNH:0
FNDA:0,(anonymous_13)
FNDA:0,(anonymous_14)
FNDA:0,(anonymous_15)
DA:1,2
DA:2,2
DA:3,2
DA:4,2
DA:5,2
DA:6,2
DA:7,2
DA:8,2
DA:9,2
DA:18,2
DA:19,0
DA:23,0
DA:25,0
DA:27,0
DA:31,0
DA:32,0
DA:34,0
DA:35,0
DA:38,0
DA:39,0
DA:44,0
DA:45,0
DA:46,0
DA:49,0
DA:51,0
DA:63,0
DA:64,0
DA:68,0
LF:28
LH:10
BRDA:34,0,0,0
BRDA:34,1,0,0
BRDA:34,1,1,0
BRDA:44,2,0,0
BRF:4
BRH:0
end_of_record
TN:
SF:src\modules\auth\decorators\current-user.decorator.ts
FN:17,(anonymous_0)
FNF:1
FNH:1
FNDA:242,(anonymous_0)
DA:1,38
DA:16,38
DA:18,242
DA:19,242
LF:4
LH:4
BRF:0
BRH:0
end_of_record
TN:
SF:src\modules\auth\decorators\public.decorator.ts
FN:24,(anonymous_0)
FNF:1
FNH:1
FNDA:45,(anonymous_0)
DA:1,60
DA:7,60
DA:24,60
LF:3
LH:3
BRF:0
BRH:0
end_of_record
TN:
SF:src\modules\auth\decorators\roles.decorator.ts
FN:20,(anonymous_0)
FNF:1
FNH:1
FNDA:1480,(anonymous_0)
DA:1,58
DA:7,58
DA:20,1480
LF:3
LH:3
BRF:0
BRH:0
end_of_record
TN:
SF:src\modules\auth\decorators\tenant-id.decorator.ts
FN:21,(anonymous_0)
FNF:1
FNH:0
FNDA:0,(anonymous_0)
DA:1,0
DA:20,0
DA:22,0
DA:23,0
LF:4
LH:0
BRDA:23,0,0,0
BRDA:23,0,1,0
BRF:2
BRH:0
end_of_record
TN:
SF:src\modules\auth\dto\auth.dto.ts
FNF:0
FNH:0
DA:1,4
DA:10,4
DA:21,4
DA:24,4
DA:29,4
DA:34,4
DA:42,4
DA:48,4
DA:53,4
DA:56,4
DA:63,4
DA:66,4
DA:70,4
DA:77,4
DA:80,4
DA:90,4
DA:92,4
DA:97,4
DA:102,4
DA:109,4
DA:114,4
DA:123,4
DA:130,4
DA:133,4
DA:140,4
DA:142,4
LF:26
LH:26
BRF:0
BRH:0
end_of_record
TN:
SF:src\modules\auth\guards\abac.guard.ts
FN:33,(anonymous_1)
FNF:1
FNH:0
FNDA:0,(anonymous_1)
DA:1,9
DA:32,9
DA:34,0
DA:38,0
DA:41,0
DA:42,0
DA:47,0
DA:50,0
DA:51,0
DA:56,0
LF:10
LH:2
BRDA:41,0,0,0
BRDA:47,1,0,0
BRDA:47,1,1,0
BRDA:50,2,0,0
BRDA:50,3,0,0
BRDA:50,3,1,0
BRF:6
BRH:0
end_of_record
TN:
SF:src\modules\auth\guards\jwt-auth.guard.ts
FN:39,(anonymous_2)
FN:43,(anonymous_3)
FN:57,(anonymous_4)
FN:71,(anonymous_5)
FNF:4
FNH:1
FNDA:92,(anonymous_2)
FNDA:0,(anonymous_3)
FNDA:0,(anonymous_4)
FNDA:0,(anonymous_5)
DA:1,27
DA:7,27
DA:8,27
DA:9,27
DA:32,27
DA:34,27
DA:39,92
DA:40,92
DA:45,0
DA:50,0
DA:51,0
DA:54,0
DA:63,0
DA:64,0
DA:68,0
DA:69,0
DA:70,0
DA:71,0
DA:72,0
DA:74,0
DA:75,0
DA:81,0
LF:22
LH:8
BRDA:50,0,0,0
BRDA:63,1,0,0
BRDA:63,2,0,0
BRDA:63,2,1,0
BRDA:64,3,0,0
BRDA:64,3,1,0
BRDA:68,4,0,0
BRDA:70,5,0,0
BRDA:70,5,1,0
BRDA:74,6,0,0
BRF:10
BRH:0
end_of_record
TN:
SF:src\modules\auth\guards\platform-only.guard.ts
FN:25,(anonymous_2)
FN:27,(anonymous_3)
FNF:2
FNH:2
FNDA:4,(anonymous_2)
FNDA:18,(anonymous_3)
DA:1,6
DA:2,6
DA:3,6
DA:24,6
DA:25,4
DA:28,18
DA:33,18
DA:34,0
DA:37,18
DA:39,18
DA:40,5
DA:43,13
LF:12
LH:11
BRDA:33,0,0,0
BRDA:39,1,0,5
BRF:2
BRH:1
end_of_record
TN:
SF:src\modules\auth\guards\roles.guard.ts
FN:39,(anonymous_2)
FN:41,(anonymous_3)
FNF:2
FNH:2
FNDA:98,(anonymous_2)
FNDA:116,(anonymous_3)
DA:1,29
DA:2,29
DA:3,29
DA:4,29
DA:38,29
DA:39,98
DA:42,116
DA:48,116
DA:49,0
DA:52,116
DA:53,116
DA:55,116
DA:56,15
DA:63,101
DA:64,101
DA:66,101
DA:68,40
DA:74,61
LF:18
LH:17
BRDA:48,0,0,0
BRDA:48,1,0,116
BRDA:48,1,1,116
BRDA:55,2,0,15
BRDA:55,3,0,116
BRDA:55,3,1,116
BRDA:66,4,0,40
BRF:7
BRH:6
end_of_record
TN:
SF:src\modules\auth\strategies\jwt.strategy.ts
FN:37,(anonymous_5)
FN:55,(anonymous_6)
FNF:2
FNH:2
FNDA:6,(anonymous_5)
FNDA:6,(anonymous_6)
DA:1,3
DA:2,3
DA:3,3
DA:4,3
DA:5,3
DA:6,3
DA:7,3
DA:36,3
DA:39,6
DA:41,6
DA:57,6
DA:58,6
DA:60,6
DA:61,3
DA:65,3
DA:66,3
DA:67,1
DA:70,2
LF:18
LH:18
BRDA:58,0,0,0
BRDA:58,0,1,6
BRDA:60,1,0,3
BRDA:60,2,0,6
BRDA:60,2,1,6
BRDA:60,2,2,3
BRDA:66,3,0,1
BRF:7
BRH:6
end_of_record
TN:
SF:src\modules\commercial\commercial.module.ts
FNF:0
FNH:0
DA:1,2
DA:2,2
DA:3,2
DA:4,2
DA:5,2
DA:6,2
DA:9,2
DA:10,2
DA:11,2
DA:12,2
DA:13,2
DA:14,2
DA:15,2
DA:16,2
DA:17,2
DA:18,2
DA:19,2
DA:22,2
DA:23,2
DA:24,2
DA:25,2
DA:26,2
DA:27,2
DA:28,2
DA:31,2
DA:32,2
DA:33,2
DA:34,2
DA:35,2
DA:36,2
DA:37,2
DA:40,2
DA:41,2
DA:44,2
DA:109,2
LF:35
LH:35
BRF:0
BRH:0
end_of_record
TN:
SF:src\modules\commercial\controllers\bundle.controller.ts
FN:36,(anonymous_4)
FN:56,(anonymous_5)
FN:69,(anonymous_6)
FN:79,(anonymous_7)
FN:87,(anonymous_8)
FN:95,(anonymous_9)
FN:110,(anonymous_10)
FNF:7
FNH:7
FNDA:1,(anonymous_4)
FNDA:1,(anonymous_5)
FNDA:1,(anonymous_6)
FNDA:1,(anonymous_7)
FNDA:1,(anonymous_8)
FNDA:1,(anonymous_9)
FNDA:1,(anonymous_10)
DA:1,3
DA:13,3
DA:21,3
DA:22,3
DA:23,3
DA:24,3
DA:25,3
DA:26,3
DA:27,3
DA:28,3
DA:35,3
DA:36,1
DA:56,3
DA:57,1
DA:69,3
DA:70,1
DA:71,1
DA:79,3
DA:80,1
DA:81,1
DA:87,3
DA:88,1
DA:89,1
DA:95,3
DA:96,1
DA:97,1
DA:110,3
DA:115,1
DA:116,1
LF:29
LH:29
BRDA:115,0,0,1
BRDA:115,0,1,1
BRF:2
BRH:2
end_of_record
TN:
SF:src\modules\commercial\controllers\catalog.controller.ts
FN:40,(anonymous_4)
FN:68,(anonymous_5)
FN:84,(anonymous_6)
FN:94,(anonymous_7)
FN:102,(anonymous_8)
FN:110,(anonymous_9)
FN:118,(anonymous_10)
FN:126,(anonymous_11)
FN:134,(anonymous_12)
FN:144,(anonymous_13)
FN:152,(anonymous_14)
FN:165,(anonymous_15)
FNF:12
FNH:7
FNDA:2,(anonymous_4)
FNDA:2,(anonymous_5)
FNDA:3,(anonymous_6)
FNDA:0,(anonymous_7)
FNDA:1,(anonymous_8)
FNDA:1,(anonymous_9)
FNDA:0,(anonymous_10)
FNDA:0,(anonymous_11)
FNDA:0,(anonymous_12)
FNDA:0,(anonymous_13)
FNDA:1,(anonymous_14)
FNDA:1,(anonymous_15)
DA:1,4
DA:14,4
DA:15,4
DA:16,4
DA:17,4
DA:18,4
DA:20,4
DA:21,4
DA:22,4
DA:28,4
DA:29,4
DA:30,4
DA:31,4
DA:32,4
DA:39,4
DA:41,2
DA:42,2
DA:68,4
DA:70,2
DA:71,2
DA:84,4
DA:85,3
DA:86,2
DA:94,4
DA:95,0
DA:96,0
DA:102,4
DA:103,1
DA:104,1
DA:110,4
DA:111,1
DA:112,1
DA:118,4
DA:119,0
DA:120,0
DA:126,4
DA:127,0
DA:128,0
DA:134,4
DA:135,0
DA:136,0
DA:144,4
DA:145,0
DA:146,0
DA:152,4
DA:156,1
DA:157,1
DA:165,4
DA:170,1
DA:171,1
LF:50
LH:40
BRF:0
BRH:0
end_of_record
TN:
SF:src\modules\commercial\controllers\commercial-dashboard.controller.ts
FN:15,(anonymous_2)
FN:32,(anonymous_3)
FNF:2
FNH:2
FNDA:1,(anonymous_2)
FNDA:2,(anonymous_3)
DA:1,3
DA:2,3
DA:3,3
DA:4,3
DA:5,3
DA:6,3
DA:7,3
DA:8,3
DA:14,3
DA:15,1
DA:32,3
DA:33,2
LF:12
LH:12
BRF:0
BRH:0
end_of_record
TN:
SF:src\modules\commercial\controllers\commercial-picker-search.controller.ts
FN:30,(anonymous_4)
FN:41,(anonymous_5)
FN:59,(anonymous_6)
FN:77,(anonymous_7)
FNF:4
FNH:0
FNDA:0,(anonymous_4)
FNDA:0,(anonymous_5)
FNDA:0,(anonymous_6)
FNDA:0,(anonymous_7)
DA:1,2
DA:2,2
DA:3,2
DA:4,2
DA:5,2
DA:6,2
DA:7,2
DA:8,2
DA:10,2
DA:29,2
DA:30,0
DA:41,2
DA:42,0
DA:59,2
DA:60,0
DA:77,2
DA:78,0
LF:17
LH:13
BRF:0
BRH:0
end_of_record
TN:
SF:src\modules\commercial\controllers\compatibility.controller.ts
FN:34,(anonymous_4)
FN:47,(anonymous_5)
FN:56,(anonymous_6)
FN:64,(anonymous_7)
FN:73,(anonymous_8)
FN:83,(anonymous_9)
FNF:6
FNH:6
FNDA:1,(anonymous_4)
FNDA:1,(anonymous_5)
FNDA:1,(anonymous_6)
FNDA:1,(anonymous_7)
FNDA:2,(anonymous_8)
FNDA:1,(anonymous_9)
DA:1,3
DA:15,3
DA:16,3
DA:17,3
DA:18,3
DA:19,3
DA:20,3
DA:21,3
DA:26,3
DA:33,3
DA:34,1
DA:47,3
DA:48,1
DA:56,3
DA:57,1
DA:58,1
DA:64,3
DA:65,1
DA:66,1
DA:73,3
DA:74,2
DA:75,2
DA:83,3
DA:84,1
DA:85,1
LF:25
LH:25
BRF:0
BRH:0
end_of_record
TN:
SF:src\modules\commercial\controllers\promotion.controller.ts
FN:31,(anonymous_4)
FN:51,(anonymous_5)
FN:64,(anonymous_6)
FN:74,(anonymous_7)
FN:82,(anonymous_8)
FN:90,(anonymous_9)
FNF:6
FNH:6
FNDA:1,(anonymous_4)
FNDA:1,(anonymous_5)
FNDA:1,(anonymous_6)
FNDA:1,(anonymous_7)
FNDA:1,(anonymous_8)
FNDA:1,(anonymous_9)
DA:1,3
DA:14,3
DA:15,3
DA:16,3
DA:17,3
DA:18,3
DA:20,3
DA:21,3
DA:22,3
DA:23,3
DA:30,3
DA:31,1
DA:51,3
DA:52,1
DA:64,3
DA:65,1
DA:66,1
DA:74,3
DA:75,1
DA:76,1
DA:82,3
DA:83,1
DA:84,1
DA:90,3
DA:91,1
DA:92,1
LF:26
LH:26
BRF:0
BRH:0
end_of_record
TN:
SF:src\modules\commercial\controllers\tax.controller.ts
FN:37,(anonymous_4)
FN:52,(anonymous_5)
FN:60,(anonymous_6)
FN:73,(anonymous_7)
FN:95,(anonymous_8)
FN:102,(anonymous_9)
FN:110,(anonymous_10)
FN:122,(anonymous_11)
FNF:8
FNH:4
FNDA:1,(anonymous_4)
FNDA:1,(anonymous_5)
FNDA:1,(anonymous_6)
FNDA:3,(anonymous_7)
FNDA:0,(anonymous_8)
FNDA:0,(anonymous_9)
FNDA:0,(anonymous_10)
FNDA:0,(anonymous_11)
DA:1,3
DA:16,3
DA:17,3
DA:18,3
DA:19,3
DA:20,3
DA:22,3
DA:23,3
DA:29,3
DA:36,3
DA:37,1
DA:52,3
DA:53,1
DA:60,3
DA:61,1
DA:62,1
DA:73,3
DA:74,3
DA:79,3
DA:95,3
DA:96,0
DA:102,3
DA:103,0
DA:104,0
DA:110,3
DA:114,0
DA:115,0
DA:122,3
DA:123,0
LF:29
LH:23
BRF:0
BRH:0
end_of_record
TN:
SF:src\modules\commercial\dto\bundle.dto.ts
FNF:0
FNH:0
DA:1,3
DA:2,3
DA:13,3
DA:15,3
DA:19,3
DA:24,3
DA:28,3
DA:33,3
DA:37,3
DA:44,3
DA:50,3
DA:60,3
DA:64,3
DA:66,3
DA:69,3
DA:72,3
DA:75,3
DA:78,3
DA:81,3
DA:84,3
DA:87,3
DA:90,3
DA:93,3
DA:96,3
DA:99,3
DA:102,3
DA:107,3
DA:112,3
DA:117,3
DA:122,3
DA:127,3
DA:132,3
DA:137,3
LF:33
LH:33
BRF:0
BRH:0
end_of_record
TN:
SF:src\modules\commercial\dto\catalog-query.dto.ts
FN:28,transformQueryBoolean
FN:46,(anonymous_3)
FN:47,(anonymous_4)
FNF:3
FNH:1
FNDA:1,transformQueryBoolean
FNDA:0,(anonymous_3)
FNDA:0,(anonymous_4)
DA:1,6
DA:2,6
DA:3,6
DA:4,6
DA:5,6
DA:8,6
DA:15,6
DA:19,6
DA:29,1
DA:30,0
DA:31,0
DA:39,6
DA:46,0
DA:48,0
DA:49,0
DA:53,6
DA:58,6
DA:63,6
DA:69,6
DA:79,6
DA:87,6
DA:95,6
DA:103,6
DA:113,6
LF:24
LH:19
BRDA:29,0,0,1
BRDA:29,1,0,1
BRDA:29,1,1,1
BRDA:29,1,2,1
BRDA:29,1,3,1
BRDA:30,2,0,0
BRDA:30,3,0,0
BRDA:30,3,1,0
BRDA:30,3,2,0
BRDA:30,3,3,0
BRDA:48,4,0,0
BRDA:48,5,0,0
BRDA:48,5,1,0
BRDA:48,5,2,0
BRF:14
BRH:5
end_of_record
TN:
SF:src\modules\commercial\dto\commercial-list-query.dto.ts
FN:29,(anonymous_2)
FN:30,(anonymous_3)
FNF:2
FNH:2
FNDA:1,(anonymous_2)
FNDA:1,(anonymous_3)
DA:1,10
DA:2,10
DA:3,10
DA:4,10
DA:13,10
DA:20,10
DA:29,1
DA:31,1
DA:32,0
DA:34,1
DA:39,10
DA:43,10
DA:50,10
DA:56,10
LF:14
LH:13
BRDA:31,0,0,0
BRDA:31,1,0,1
BRDA:31,1,1,1
BRDA:31,1,2,1
BRF:4
BRH:3
end_of_record
TN:
SF:src\modules\commercial\dto\commercial-offer-list-query.dto.ts
FNF:0
FNH:0
DA:1,4
DA:2,4
DA:3,4
DA:6,4
DA:13,4
DA:22,4
LF:6
LH:6
BRF:0
BRH:0
end_of_record
TN:
SF:src\modules\commercial\dto\compatibility.dto.ts
FNF:0
FNH:0
DA:1,3
DA:2,3
DA:12,3
DA:14,3
DA:17,3
DA:21,3
DA:25,3
DA:31,3
DA:36,3
DA:42,3
DA:45,3
DA:50,3
DA:55,3
DA:60,3
DA:63,3
DA:67,3
LF:16
LH:16
BRF:0
BRH:0
end_of_record
TN:
SF:src\modules\commercial\dto\create-catalog-item.dto.ts
FNF:0
FNH:0
DA:1,4
DA:2,4
DA:12,4
DA:14,4
DA:17,4
DA:22,4
DA:27,4
DA:32,4
DA:37,4
DA:46,4
DA:52,4
DA:58,4
DA:63,4
DA:69,4
DA:73,4
DA:77,4
DA:83,4
DA:87,4
DA:89,4
DA:93,4
LF:20
LH:20
BRF:0
BRH:0
end_of_record
TN:
SF:src\modules\commercial\dto\create-price.dto.ts
FNF:0
FNH:0
DA:1,4
DA:2,4
DA:3,4
DA:9,4
DA:12,4
DA:18,4
DA:23,4
LF:7
LH:7
BRF:0
BRH:0
end_of_record
TN:
SF:src\modules\commercial\dto\dashboard-summary.dto.ts
FNF:0
FNH:0
DA:1,3
DA:14,3
DA:16,3
DA:19,3
DA:22,3
DA:33,3
DA:38,3
DA:41,3
DA:44,3
DA:51,3
DA:53,3
DA:60,3
DA:65,3
DA:68,3
DA:73,3
DA:80,3
DA:81,3
DA:82,3
DA:83,3
DA:84,3
DA:85,3
DA:86,3
DA:87,3
DA:88,3
DA:89,3
DA:90,3
DA:91,3
DA:92,3
DA:93,3
DA:94,3
DA:97,3
DA:100,3
DA:103,3
DA:105,3
DA:107,3
DA:108,3
DA:109,3
DA:111,3
DA:115,3
DA:116,3
DA:119,3
DA:122,3
DA:130,3
LF:43
LH:43
BRF:0
BRH:0
end_of_record
TN:
SF:src\modules\commercial\dto\promotion.dto.ts
FNF:0
FNH:0
DA:1,3
DA:2,3
DA:15,3
DA:17,3
DA:21,3
DA:26,3
DA:31,3
DA:35,3
DA:40,3
DA:44,3
DA:49,3
DA:54,3
DA:60,3
DA:66,3
DA:70,3
DA:74,3
DA:77,3
DA:82,3
DA:87,3
DA:92,3
DA:97,3
LF:21
LH:21
BRF:0
BRH:0
end_of_record
TN:
SF:src\modules\commercial\dto\tax.dto.ts
FNF:0
FNH:0
DA:1,3
DA:2,3
DA:17,3
DA:19,3
DA:25,3
DA:30,3
DA:37,3
DA:44,3
DA:55,3
DA:61,3
DA:65,3
DA:70,3
DA:75,3
DA:80,3
DA:83,3
DA:88,3
DA:93,3
DA:100,3
DA:107,3
DA:118,3
DA:124,3
DA:129,3
DA:135,3
DA:140,3
DA:145,3
DA:150,3
DA:153,3
DA:156,3
DA:163,3
DA:169,3
DA:172,3
DA:175,3
DA:179,3
DA:183,3
DA:188,3
DA:193,3
DA:196,3
DA:200,3
DA:205,3
DA:210,3
DA:215,3
LF:41
LH:41
BRF:0
BRH:0
end_of_record
TN:
SF:src\modules\commercial\dto\update-catalog-item.dto.ts
FNF:0
FNH:0
DA:1,4
DA:2,4
DA:12,4
DA:14,4
DA:19,4
DA:24,4
DA:29,4
DA:34,4
DA:39,4
DA:47,4
DA:53,4
DA:59,4
DA:64,4
DA:71,4
DA:76,4
DA:81,4
DA:88,4
LF:17
LH:17
BRF:0
BRH:0
end_of_record
TN:
SF:src\modules\commercial\entities\catalog-bundle-item.entity.ts
FN:28,(anonymous_2)
FN:32,(anonymous_3)
FNF:2
FNH:0
FNDA:0,(anonymous_2)
FNDA:0,(anonymous_3)
DA:1,4
DA:2,4
DA:3,4
DA:11,4
DA:13,4
DA:16,4
DA:19,4
DA:23,4
DA:26,4
DA:28,0
DA:30,4
DA:32,0
DA:34,4
LF:13
LH:11
BRF:0
BRH:0
end_of_record
TN:
SF:src\modules\commercial\entities\catalog-bundle.entity.ts
FN:36,(anonymous_2)
FNF:1
FNH:0
FNDA:0,(anonymous_2)
DA:1,6
DA:9,6
DA:17,6
DA:19,6
DA:22,6
DA:25,6
DA:28,6
DA:31,6
DA:34,6
DA:36,0
DA:37,6
DA:40,6
DA:43,6
DA:46,6
DA:49,6
LF:15
LH:14
BRF:0
BRH:0
end_of_record
TN:
SF:src\modules\commercial\entities\catalog-item.entity.ts
FNF:0
FNH:0
DA:1,14
DA:10,14
DA:24,14
DA:26,14
DA:29,14
DA:32,14
DA:35,14
DA:38,14
DA:41,14
DA:44,14
DA:47,14
DA:50,14
DA:53,14
DA:56,14
LF:14
LH:14
BRF:0
BRH:0
end_of_record
TN:
SF:src\modules\commercial\entities\catalog-price-history.entity.ts
FN:46,(anonymous_2)
FN:61,(anonymous_3)
FNF:2
FNH:0
FNDA:0,(anonymous_2)
FNDA:0,(anonymous_3)
DA:1,10
DA:10,10
DA:11,10
DA:24,10
DA:26,10
DA:29,10
DA:32,10
DA:35,10
DA:44,10
DA:46,0
DA:47,10
DA:50,10
DA:53,10
DA:56,10
DA:59,10
DA:61,0
DA:63,10
LF:17
LH:15
BRF:0
BRH:0
end_of_record
TN:
SF:src\modules\commercial\entities\catalog-promotion.entity.ts
FN:82,(anonymous_2)
FN:86,(anonymous_3)
FNF:2
FNH:0
FNDA:0,(anonymous_2)
FNDA:0,(anonymous_3)
DA:1,4
DA:11,4
DA:12,4
DA:13,4
DA:23,4
DA:25,4
DA:28,4
DA:31,4
DA:34,4
DA:37,4
DA:40,4
DA:43,4
DA:46,4
DA:49,4
DA:52,4
DA:56,4
DA:59,4
DA:62,4
DA:65,4
DA:68,4
DA:71,4
DA:74,4
DA:77,4
DA:80,4
DA:82,0
DA:84,4
DA:86,0
DA:88,4
LF:28
LH:26
BRF:0
BRH:0
end_of_record
TN:
SF:src\modules\commercial\entities\compatibility-rule.entity.ts
FN:58,(anonymous_2)
FN:62,(anonymous_3)
FNF:2
FNH:0
FNDA:0,(anonymous_2)
FNDA:0,(anonymous_3)
DA:1,4
DA:11,4
DA:12,4
DA:24,4
DA:26,4
DA:29,4
DA:32,4
DA:35,4
DA:38,4
DA:41,4
DA:44,4
DA:47,4
DA:50,4
DA:53,4
DA:56,4
DA:58,0
DA:60,4
DA:62,0
DA:64,4
LF:19
LH:17
BRF:0
BRH:0
end_of_record
TN:
SF:src\modules\commercial\entities\plan-detail.entity.ts
FN:34,(anonymous_2)
FNF:1
FNH:0
FNDA:0,(anonymous_2)
DA:1,7
DA:2,7
DA:3,7
DA:10,7
DA:12,7
DA:15,7
DA:18,7
DA:21,7
DA:24,7
DA:32,7
DA:34,0
DA:36,7
LF:12
LH:11
BRF:0
BRH:0
end_of_record
TN:
SF:src\modules\commercial\entities\product-detail.entity.ts
FN:26,(anonymous_2)
FNF:1
FNH:0
FNDA:0,(anonymous_2)
DA:1,7
DA:2,7
DA:3,7
DA:10,7
DA:12,7
DA:15,7
DA:18,7
DA:21,7
DA:24,7
DA:26,0
DA:28,7
LF:11
LH:10
BRF:0
BRH:0
end_of_record
TN:
SF:src\modules\commercial\entities\service-detail.entity.ts
FN:20,(anonymous_2)
FNF:1
FNH:0
FNDA:0,(anonymous_2)
DA:1,6
DA:2,6
DA:3,6
DA:10,6
DA:12,6
DA:15,6
DA:18,6
DA:20,0
DA:22,6
LF:9
LH:8
BRF:0
BRH:0
end_of_record
TN:
SF:src\modules\commercial\entities\tax-rule-application.entity.ts
FNF:0
FNH:0
DA:1,4
DA:23,4
DA:25,4
DA:28,4
DA:32,4
DA:36,4
DA:40,4
DA:47,4
DA:50,4
DA:53,4
DA:56,4
DA:59,4
LF:12
LH:12
BRF:0
BRH:0
end_of_record
TN:
SF:src\modules\commercial\entities\tax-rule.entity.ts
FN:53,(anonymous_2)
FNF:1
FNH:0
FNDA:0,(anonymous_2)
DA:1,4
DA:9,4
DA:26,4
DA:28,4
DA:31,4
DA:34,4
DA:38,4
DA:42,4
DA:45,4
DA:48,4
DA:51,4
DA:53,0
DA:54,4
DA:57,4
DA:60,4
DA:63,4
DA:66,4
DA:70,4
DA:73,4
DA:77,4
LF:20
LH:19
BRF:0
BRH:0
end_of_record
TN:
SF:src\modules\commercial\events\commercial.events.ts
FNF:0
FNH:0
DA:5,11
LF:1
LH:1
BRF:0
BRH:0
end_of_record
TN:
SF:src\modules\commercial\ports\commercial-catalog-read.adapter.ts
FN:25,(anonymous_4)
FN:29,(anonymous_5)
FN:30,(anonymous_6)
FN:36,(anonymous_7)
FN:64,(anonymous_8)
FN:79,(anonymous_9)
FN:85,(anonymous_10)
FN:115,(anonymous_11)
FN:119,(anonymous_12)
FN:129,(anonymous_13)
FN:134,(anonymous_14)
FN:136,(anonymous_15)
FN:149,(anonymous_16)
FN:154,(anonymous_17)
FNF:14
FNH:12
FNDA:3,(anonymous_4)
FNDA:1,(anonymous_5)
FNDA:1,(anonymous_6)
FNDA:1,(anonymous_7)
FNDA:1,(anonymous_8)
FNDA:1,(anonymous_9)
FNDA:1,(anonymous_10)
FNDA:1,(anonymous_11)
FNDA:1,(anonymous_12)
FNDA:1,(anonymous_13)
FNDA:1,(anonymous_14)
FNDA:1,(anonymous_15)
FNDA:0,(anonymous_16)
FNDA:0,(anonymous_17)
DA:1,3
DA:2,3
DA:3,3
DA:4,3
DA:5,3
DA:6,3
DA:7,3
DA:8,3
DA:9,3
DA:10,3
DA:24,3
DA:25,3
DA:26,3
DA:30,1
DA:31,1
DA:36,1
DA:37,1
DA:38,1
DA:39,1
DA:41,1
DA:42,1
DA:49,1
DA:50,1
DA:51,1
DA:54,1
DA:59,1
DA:60,1
DA:64,1
DA:85,1
DA:86,1
DA:89,1
DA:91,1
DA:94,1
DA:95,0
DA:100,1
DA:102,1
DA:119,1
DA:120,1
DA:125,1
DA:126,0
DA:129,1
DA:130,1
DA:134,1
DA:136,1
DA:137,1
DA:138,1
DA:154,0
DA:155,0
DA:164,0
DA:165,0
DA:168,0
DA:170,0
LF:52
LH:44
BRDA:41,0,0,1
BRDA:67,1,0,1
BRDA:67,1,1,0
BRDA:68,2,0,1
BRDA:68,2,1,0
BRDA:69,3,0,1
BRDA:69,3,1,0
BRDA:71,4,0,1
BRDA:71,4,1,0
BRDA:72,5,0,1
BRDA:72,5,1,0
BRDA:83,6,0,1
BRDA:89,7,0,0
BRDA:94,8,0,0
BRDA:105,9,0,1
BRDA:105,9,1,0
BRDA:106,10,0,1
BRDA:106,10,1,0
BRDA:109,11,0,1
BRDA:109,11,1,0
BRDA:125,12,0,0
BRDA:142,13,0,1
BRDA:142,13,1,0
BRDA:143,14,0,1
BRDA:143,14,1,0
BRDA:164,15,0,0
BRDA:174,16,0,0
BRDA:174,16,1,0
BRDA:175,17,0,0
BRDA:175,17,1,0
BRF:30
BRH:12
end_of_record
TN:
SF:src\modules\commercial\ports\commercial-catalog-read.port.ts
FNF:0
FNH:0
DA:1,19
DA:52,19
LF:2
LH:2
BRF:0
BRH:0
end_of_record
TN:
SF:src\modules\commercial\ports\commercial-compatibility-read.adapter.ts
FN:13,(anonymous_2)
FN:15,(anonymous_3)
FNF:2
FNH:0
FNDA:0,(anonymous_2)
FNDA:0,(anonymous_3)
DA:1,2
DA:6,2
DA:12,2
DA:13,0
DA:16,0
LF:5
LH:3
BRF:0
BRH:0
end_of_record
TN:
SF:src\modules\commercial\ports\commercial-compatibility-read.port.ts
FNF:0
FNH:0
DA:1,2
DA:16,2
LF:2
LH:2
BRF:0
BRH:0
end_of_record
TN:
SF:src\modules\commercial\ports\tax-application-read.port.ts
FNF:0
FNH:0
DA:1,4
DA:16,4
LF:2
LH:2
BRF:0
BRH:0
end_of_record
TN:
SF:src\modules\commercial\services\bundle.service.ts
FN:47,(anonymous_4)
FN:57,(anonymous_5)
FN:64,(anonymous_6)
FN:92,(anonymous_7)
FN:111,(anonymous_8)
FN:123,(anonymous_9)
FN:125,(anonymous_10)
[...]
FNDA:36,toRadians
FNDA:18,findNearestTerritorialEvent
FNDA:18,scoreDistance
FNDA:18,scoreRouteContinuity
FNDA:18,scoreLoad
FNDA:18,scoreEarliest
FNDA:18,buildLabels
DA:1,7
DA:2,7
DA:3,7
DA:4,7
DA:5,7
DA:6,7
DA:7,7
DA:12,7
DA:13,7
DA:17,7
DA:19,7
DA:25,7
DA:26,7
DA:27,7
DA:84,7
DA:86,4
DA:88,4
DA:89,4
DA:93,4
DA:94,4
DA:95,4
DA:96,4
DA:97,4
DA:98,4
DA:99,4
DA:101,4
DA:102,1
DA:107,3
DA:108,3
DA:121,3
DA:132,3
DA:157,3
DA:158,3
DA:159,3
DA:163,3
DA:169,3
DA:171,3
DA:172,4
DA:173,4
DA:174,4
DA:175,1
DA:177,4
DA:178,1
DA:181,4
DA:182,28
DA:184,28
DA:185,28
DA:187,28
DA:188,0
DA:191,28
DA:193,28
DA:202,28
DA:203,28
DA:205,28
DA:214,9
DA:218,19
DA:220,9
DA:223,0
DA:226,19
DA:227,1
DA:229,1
DA:232,18
DA:235,0
DA:238,0
DA:241,18
DA:256,3
DA:259,17
DA:262,4
DA:269,18
DA:270,18
DA:272,9
DA:275,18
DA:276,9
DA:278,18
DA:280,9
DA:289,18
DA:290,18
DA:291,18
DA:292,18
DA:293,18
DA:299,18
DA:300,18
DA:305,18
DA:313,18
DA:321,18
DA:325,108
DA:337,6
DA:338,6
DA:339,2
DA:340,2
DA:341,2
DA:342,2
DA:344,6
DA:348,4
DA:349,4
DA:350,4
DA:352,4
DA:353,4
DA:357,28
DA:360,4
DA:364,4
DA:365,4
DA:369,10
DA:378,0
DA:382,24
DA:388,24
DA:392,18
DA:393,18
DA:394,18
DA:398,9
DA:399,9
DA:400,9
DA:401,9
DA:402,9
DA:403,9
DA:404,9
DA:408,36
DA:416,18
DA:418,18
DA:419,9
DA:420,9
DA:422,9
DA:428,9
DA:429,9
DA:430,9
DA:432,9
DA:433,9
DA:434,9
DA:437,0
DA:438,0
DA:439,0
DA:443,0
DA:447,18
DA:451,18
DA:452,9
DA:453,0
DA:454,0
DA:455,0
DA:456,0
DA:465,18
DA:467,9
DA:468,9
DA:469,9
DA:470,4
DA:471,0
DA:472,0
DA:476,18
DA:477,0
DA:478,0
DA:479,0
DA:483,18
DA:484,18
DA:485,18
DA:495,18
DA:496,18
DA:497,18
DA:498,18
DA:499,18
DA:500,18
DA:501,18
LF:160
LH:142
BRDA:95,0,0,4
BRDA:95,0,1,4
BRDA:101,1,0,1
BRDA:166,2,0,3
BRDA:166,2,1,0
BRDA:167,3,0,3
BRDA:167,3,1,0
BRDA:172,4,0,4
BRDA:172,4,1,3
BRDA:173,5,0,4
BRDA:173,5,1,3
BRDA:184,6,0,28
BRDA:187,7,0,0
BRDA:191,8,0,28
BRDA:191,8,1,28
BRDA:193,9,0,28
BRDA:193,9,1,4
BRDA:205,10,0,9
BRDA:206,11,0,28
BRDA:206,11,1,19
BRDA:206,11,2,19
BRDA:206,11,3,19
BRDA:218,12,0,0
BRDA:226,13,0,1
BRDA:232,14,0,0
BRDA:233,15,0,18
BRDA:233,15,1,0
BRDA:259,16,0,17
BRDA:259,16,1,9
BRDA:261,17,0,3
BRDA:261,17,1,0
BRDA:264,18,0,1
BRDA:264,18,1,3
BRDA:270,19,0,18
BRDA:270,19,1,0
BRDA:275,20,0,18
BRDA:275,20,1,0
BRDA:289,21,0,18
BRDA:289,21,1,9
BRDA:291,22,0,9
BRDA:291,22,1,9
BRDA:292,23,0,9
BRDA:292,23,1,9
BRDA:294,24,0,18
BRDA:294,24,1,9
BRDA:328,25,0,9
BRDA:328,25,1,9
BRDA:329,26,0,18
BRDA:329,26,1,9
BRDA:340,27,0,2
BRDA:340,27,1,2
BRDA:369,28,0,10
BRDA:369,28,1,10
BRDA:378,29,0,0
BRDA:378,29,1,0
BRDA:388,30,0,24
BRDA:388,30,1,0
BRDA:392,31,0,0
BRDA:394,32,0,18
BRDA:394,32,1,0
BRDA:422,33,0,9
BRDA:422,33,1,0
BRDA:422,34,0,9
BRDA:422,34,1,9
BRDA:422,34,2,9
BRDA:422,34,3,9
BRDA:432,35,0,9
BRDA:437,36,0,0
BRDA:437,36,1,0
BRDA:438,37,0,0
BRDA:438,37,1,0
BRDA:439,38,0,0
BRDA:440,39,0,0
BRDA:440,39,1,0
BRDA:440,39,2,0
BRDA:451,40,0,9
BRDA:452,41,0,9
BRDA:453,42,0,0
BRDA:454,43,0,0
BRDA:455,44,0,0
BRDA:465,45,0,9
BRDA:467,46,0,9
BRDA:467,46,1,0
BRDA:467,46,2,0
BRDA:467,46,3,0
BRDA:468,47,0,0
BRDA:469,48,0,5
BRDA:470,49,0,4
BRDA:471,50,0,0
BRDA:476,51,0,18
BRDA:477,52,0,0
BRDA:478,53,0,0
BRDA:496,54,0,9
BRDA:497,55,0,9
BRDA:498,56,0,9
BRDA:498,57,0,18
BRDA:498,57,1,9
BRDA:499,58,0,0
BRDA:500,59,0,18
BRF:99
BRH:65
end_of_record
TN:
SF:src\modules\wfm\services\technician-availability.service.ts
FN:17,(anonymous_4)
FN:20,(anonymous_5)
FN:27,(anonymous_6)
FN:64,(anonymous_7)
FN:71,(anonymous_8)
FNF:5
FNH:0
FNDA:0,(anonymous_4)
FNDA:0,(anonymous_5)
FNDA:0,(anonymous_6)
FNDA:0,(anonymous_7)
FNDA:0,(anonymous_8)
DA:1,6
DA:2,6
DA:3,6
DA:4,6
DA:6,6
DA:7,6
DA:9,6
DA:16,6
DA:17,0
DA:23,0
DA:24,0
DA:25,0
DA:27,0
DA:28,0
DA:36,0
DA:37,0
DA:39,0
DA:40,0
DA:42,0
DA:43,0
DA:45,0
DA:46,0
DA:49,0
DA:50,0
DA:68,0
DA:69,0
DA:71,0
DA:72,0
DA:82,0
LF:29
LH:8
BRDA:25,0,0,0
BRDA:25,0,1,0
BRDA:36,1,0,0
BRDA:39,2,0,0
BRDA:42,3,0,0
BRDA:45,4,0,0
BRDA:78,5,0,0
BRDA:78,5,1,0
BRF:8
BRH:0
end_of_record
TN:
SF:src\modules\wfm\services\visit-requests.service.ts
FN:99,(anonymous_4)
FN:113,(anonymous_5)
FN:117,(anonymous_6)
FN:131,(anonymous_7)
FN:146,(anonymous_8)
FN:203,(anonymous_9)
FN:215,(anonymous_10)
FN:261,(anonymous_11)
FN:262,(anonymous_12)
FN:267,(anonymous_13)
FN:272,(anonymous_14)
FN:289,(anonymous_15)
FN:299,(anonymous_16)
FN:374,(anonymous_17)
FN:384,(anonymous_18)
FN:405,(anonymous_19)
FN:463,(anonymous_20)
FN:474,(anonymous_21)
FN:515,(anonymous_22)
FN:549,(anonymous_23)
FN:567,(anonymous_24)
FN:744,(anonymous_25)
FN:789,(anonymous_26)
FN:799,(anonymous_27)
FN:834,(anonymous_28)
FN:844,(anonymous_29)
FN:885,(anonymous_30)
FN:901,(anonymous_31)
FN:925,(anonymous_32)
FN:933,(anonymous_33)
FN:952,(anonymous_34)
FN:954,(anonymous_35)
FN:956,(anonymous_36)
FN:966,(anonymous_37)
FN:968,(anonymous_38)
FN:977,(anonymous_39)
FN:992,(anonymous_40)
FN:999,(anonymous_41)
FN:1009,(anonymous_42)
FN:1023,(anonymous_43)
FN:1028,(anonymous_44)
FN:1034,(anonymous_45)
FN:1051,(anonymous_46)
FN:1069,(anonymous_47)
FN:1078,(anonymous_48)
FN:1103,(anonymous_49)
FN:1118,(anonymous_50)
FN:1136,(anonymous_51)
FN:1149,(anonymous_52)
FN:1162,(anonymous_53)
FN:1175,(anonymous_54)
FN:1184,(anonymous_55)
FN:1202,(anonymous_56)
FN:1217,(anonymous_57)
FN:1228,(anonymous_58)
FN:1242,(anonymous_59)
FN:1254,(anonymous_60)
FN:1269,(anonymous_61)
FN:1311,(anonymous_62)
FN:1329,(anonymous_63)
FN:1342,(anonymous_64)
FN:1342,(anonymous_65)
FNF:62
FNH:55
FNDA:24,(anonymous_4)
FNDA:1,(anonymous_5)
FNDA:2,(anonymous_6)
FNDA:1,(anonymous_7)
FNDA:1,(anonymous_8)
FNDA:2,(anonymous_9)
FNDA:2,(anonymous_10)
FNDA:3,(anonymous_11)
FNDA:3,(anonymous_12)
FNDA:3,(anonymous_13)
FNDA:3,(anonymous_14)
FNDA:4,(anonymous_15)
FNDA:3,(anonymous_16)
FNDA:2,(anonymous_17)
FNDA:2,(anonymous_18)
FNDA:28,(anonymous_19)
FNDA:4,(anonymous_20)
FNDA:4,(anonymous_21)
FNDA:12,(anonymous_22)
FNDA:7,(anonymous_23)
FNDA:6,(anonymous_24)
FNDA:5,(anonymous_25)
FNDA:0,(anonymous_26)
FNDA:0,(anonymous_27)
FNDA:0,(anonymous_28)
FNDA:0,(anonymous_29)
FNDA:12,(anonymous_30)
FNDA:1,(anonymous_31)
FNDA:1,(anonymous_32)
FNDA:16,(anonymous_33)
FNDA:4,(anonymous_34)
FNDA:7,(anonymous_35)
FNDA:5,(anonymous_36)
FNDA:6,(anonymous_37)
FNDA:11,(anonymous_38)
FNDA:11,(anonymous_39)
FNDA:23,(anonymous_40)
FNDA:23,(anonymous_41)
FNDA:18,(anonymous_42)
FNDA:10,(anonymous_43)
FNDA:23,(anonymous_44)
FNDA:1,(anonymous_45)
FNDA:4,(anonymous_46)
FNDA:15,(anonymous_47)
FNDA:4,(anonymous_48)
FNDA:1,(anonymous_49)
FNDA:20,(anonymous_50)
FNDA:19,(anonymous_51)
FNDA:13,(anonymous_52)
FNDA:0,(anonymous_53)
FNDA:6,(anonymous_54)
FNDA:6,(anonymous_55)
FNDA:0,(anonymous_56)
FNDA:4,(anonymous_57)
FNDA:1,(anonymous_58)
FNDA:0,(anonymous_59)
FNDA:6,(anonymous_60)
FNDA:4,(anonymous_61)
FNDA:3,(anonymous_62)
FNDA:6,(anonymous_63)
FNDA:66,(anonymous_64)
FNDA:36,(anonymous_65)
DA:1,7
DA:9,7
DA:10,7
DA:11,7
DA:12,7
DA:23,7
DA:24,7
DA:48,7
DA:49,7
DA:53,7
DA:54,7
DA:55,7
DA:56,7
DA:57,7
DA:58,7
DA:62,7
DA:64,7
DA:66,7
DA:73,7
DA:74,7
DA:98,7
DA:100,24
DA:102,24
DA:103,24
DA:104,24
DA:105,24
DA:106,24
DA:107,24
DA:110,24
DA:114,1
DA:116,1
DA:117,2
DA:135,1
DA:137,1
DA:138,1
DA:144,1
DA:146,1
DA:147,1
DA:149,1
DA:154,1
DA:155,0
DA:157,1
DA:158,0
DA:162,1
DA:163,0
DA:165,1
DA:166,0
DA:168,1
DA:169,0
DA:171,1
DA:172,0
DA:174,1
DA:175,0
DA:177,1
DA:178,0
DA:181,1
DA:188,1
DA:189,1
DA:191,1
DA:207,2
DA:209,2
DA:210,2
DA:215,2
DA:216,2
DA:218,2
DA:230,2
DA:232,2
DA:250,2
DA:251,2
DA:252,1
DA:255,2
DA:260,2
DA:261,3
DA:262,3
DA:268,3
DA:270,3
DA:272,3
DA:273,3
DA:275,3
DA:279,3
DA:280,0
DA:283,3
DA:285,3
DA:293,4
DA:295,4
DA:296,4
DA:297,4
DA:299,3
DA:300,3
DA:301,3
DA:309,3
DA:310,0
DA:313,3
DA:351,3
DA:352,3
DA:353,2
DA:355,1
DA:356,1
DA:364,1
DA:365,1
DA:369,0
DA:379,2
DA:381,2
DA:382,2
DA:384,2
DA:385,2
DA:389,2
DA:390,0
DA:393,2
DA:395,2
DA:400,0
DA:405,2
DA:406,28
DA:408,2
DA:412,2
DA:418,2
DA:458,2
DA:459,2
DA:468,4
DA:470,4
DA:471,4
DA:472,4
DA:474,4
DA:475,4
DA:479,4
DA:480,0
DA:483,4
DA:485,4
DA:486,4
DA:488,4
DA:489,4
DA:490,4
DA:491,4
DA:497,4
DA:500,4
DA:501,4
DA:502,4
DA:503,4
DA:505,4
DA:506,0
DA:509,4
DA:515,12
DA:517,4
DA:518,0
DA:523,4
DA:524,0
DA:530,4
DA:531,4
DA:533,3
DA:554,7
DA:556,7
DA:557,7
DA:559,7
DA:560,7
DA:561,7
DA:562,0
DA:565,7
DA:567,6
DA:568,6
DA:572,6
DA:573,0
DA:576,6
DA:578,6
DA:579,0
DA:582,6
DA:583,0
DA:588,6
DA:590,6
DA:591,0
DA:594,6
DA:597,5
DA:599,5
DA:609,4
DA:616,4
DA:617,0
DA:622,4
DA:624,4
DA:655,4
DA:657,4
DA:658,4
DA:660,4
DA:661,0
DA:670,0
DA:679,0
DA:680,0
DA:683,4
DA:685,4
DA:689,4
DA:718,4
DA:719,1
DA:720,1
DA:724,4
DA:726,4
DA:739,4
DA:740,4
DA:753,5
DA:754,1
DA:757,4
DA:758,4
DA:760,4
DA:761,0
DA:766,4
DA:774,4
DA:783,1
DA:794,0
DA:796,0
DA:797,0
DA:799,0
DA:800,0
DA:804,0
DA:805,0
DA:808,0
DA:810,0
DA:811,0
DA:814,0
DA:815,0
DA:818,0
DA:819,0
DA:822,0
DA:829,0
DA:830,0
DA:839,0
DA:841,0
DA:842,0
DA:844,0
DA:845,0
DA:849,0
DA:850,0
DA:853,0
DA:855,0
DA:856,0
DA:862,0
DA:863,0
DA:866,0
DA:873,0
DA:874,0
DA:889,12
DA:890,12
DA:891,12
DA:905,1
DA:906,1
DA:908,1
DA:909,1
DA:910,1
DA:911,1
DA:912,1
DA:913,0
DA:914,0
DA:917,1
DA:921,1
DA:925,1
DA:926,1
DA:927,1
DA:928,1
DA:929,1
DA:934,16
DA:935,3
DA:938,13
DA:939,13
DA:940,3
DA:943,10
DA:944,10
DA:945,8
DA:948,2
DA:949,2
DA:953,4
DA:954,7
DA:955,4
DA:956,5
DA:959,4
DA:960,1
DA:967,6
DA:968,11
DA:970,6
DA:971,1
DA:978,11
DA:981,11
DA:982,11
DA:986,11
DA:987,0
DA:990,11
DA:992,23
DA:993,11
DA:996,11
DA:1000,23
DA:1010,18
DA:1012,18
DA:1013,2
DA:1016,16
DA:1017,2
DA:1020,14
DA:1024,10
DA:1025,10
DA:1029,23
DA:1030,0
DA:1035,1
DA:1045,1
DA:1048,0
DA:1055,4
DA:1057,4
DA:1058,1
DA:1061,3
DA:1065,0
DA:1070,15
DA:1074,0
DA:1085,4
DA:1086,0
DA:1089,4
DA:1104,1
DA:1105,0
DA:1108,1
DA:1109,1
DA:1111,1
DA:1122,20
DA:1123,20
DA:1125,20
DA:1126,12
DA:1129,8
DA:1130,8
DA:1133,0
DA:1139,19
DA:1143,15
DA:1146,4
DA:1150,13
DA:1152,13
DA:1153,9
DA:1156,4
DA:1163,0
DA:1176,6
DA:1188,6
DA:1190,6
DA:1206,0
DA:1210,0
DA:1211,0
DA:1214,0
DA:1221,4
DA:1225,4
DA:1232,1
DA:1233,0
DA:1234,0
DA:1237,1
DA:1246,0
DA:1247,0
DA:1248,0
DA:1251,0
DA:1255,6
DA:1256,6
DA:1262,6
DA:1263,3
DA:1266,6
DA:1273,4
DA:1274,1
DA:1277,3
DA:1278,3
DA:1280,3
DA:1281,0
DA:1284,3
DA:1285,3
DA:1286,3
DA:1287,3
DA:1289,3
DA:1290,0
DA:1293,3
DA:1294,3
DA:1305,3
DA:1321,3
DA:1322,3
DA:1323,3
DA:1324,3
DA:1326,3
DA:1330,6
DA:1340,6
DA:1341,6
DA:1342,66
DA:1345,6
DA:1355,6
LF:376
LH:293
BRDA:120,0,0,2
BRDA:120,0,1,0
BRDA:121,1,0,2
BRDA:121,1,1,0
BRDA:126,2,0,2
BRDA:126,2,1,0
BRDA:127,3,0,2
BRDA:127,3,1,2
BRDA:140,4,0,1
BRDA:140,4,1,0
BRDA:141,5,0,1
BRDA:141,5,1,0
BRDA:154,6,0,0
BRDA:157,7,0,0
BRDA:162,8,0,0
BRDA:165,9,0,0
BRDA:168,10,0,0
BRDA:171,11,0,0
BRDA:174,12,0,0
BRDA:177,13,0,0
BRDA:197,14,0,0
BRDA:197,14,1,1
BRDA:212,15,0,2
BRDA:212,15,1,2
BRDA:251,16,0,1
BRDA:279,17,0,0
BRDA:300,18,0,3
BRDA:300,18,1,2
BRDA:305,19,0,3
BRDA:305,19,1,0
BRDA:309,20,0,0
BRDA:317,21,0,3
BRDA:317,21,1,0
BRDA:318,22,0,3
BRDA:318,22,1,2
BRDA:320,23,0,3
BRDA:320,23,1,0
BRDA:322,24,0,3
BRDA:322,24,1,3
BRDA:324,25,0,0
BRDA:324,25,1,3
BRDA:327,26,0,0
BRDA:327,26,1,3
BRDA:330,27,0,0
BRDA:330,27,1,3
BRDA:331,28,0,3
BRDA:331,28,1,2
BRDA:332,29,0,3
BRDA:332,29,1,2
BRDA:333,30,0,3
BRDA:333,30,1,3
BRDA:334,31,0,3
BRDA:334,31,1,3
BRDA:335,32,0,3
BRDA:335,32,1,3
BRDA:336,33,0,3
BRDA:336,33,1,3
BRDA:337,34,0,3
BRDA:337,34,1,3
BRDA:338,35,0,3
BRDA:338,35,1,3
BRDA:339,36,0,3
BRDA:339,36,1,3
BRDA:355,37,0,1
BRDA:360,38,0,1
BRDA:360,38,1,0
BRDA:364,39,0,1
BRDA:389,40,0,0
BRDA:395,41,0,0
BRDA:396,42,0,2
BRDA:396,42,1,1
BRDA:396,42,2,1
BRDA:408,43,0,0
BRDA:408,43,1,2
BRDA:409,44,0,0
BRDA:409,44,1,0
BRDA:410,45,0,2
BRDA:410,45,1,2
BRDA:419,46,0,1
BRDA:419,46,1,1
BRDA:420,47,0,1
BRDA:420,47,1,1
BRDA:423,48,0,1
BRDA:423,48,1,1
BRDA:424,49,0,0
BRDA:424,49,1,1
BRDA:428,50,0,1
BRDA:428,50,1,1
BRDA:429,51,0,0
BRDA:429,51,1,1
BRDA:433,52,0,0
BRDA:433,52,1,2
BRDA:434,53,0,0
BRDA:434,53,1,0
BRDA:438,54,0,2
BRDA:438,54,1,0
BRDA:438,55,0,2
BRDA:438,55,1,1
BRDA:439,56,0,2
BRDA:439,56,1,0
BRDA:440,57,0,2
BRDA:440,57,1,1
BRDA:442,58,0,1
BRDA:442,58,1,1
BRDA:442,59,0,1
BRDA:442,59,1,1
BRDA:443,60,0,0
BRDA:443,60,1,2
BRDA:443,61,0,0
BRDA:443,61,1,0
BRDA:444,62,0,0
BRDA:444,62,1,2
BRDA:444,63,0,0
BRDA:444,63,1,0
BRDA:445,64,0,0
BRDA:445,64,1,2
BRDA:446,65,0,0
BRDA:446,65,1,0
BRDA:448,66,0,0
BRDA:448,66,1,2
BRDA:449,67,0,0
BRDA:449,67,1,0
BRDA:451,68,0,0
BRDA:451,68,1,2
BRDA:451,69,0,0
BRDA:451,69,1,0
BRDA:452,70,0,0
BRDA:452,70,1,2
BRDA:453,71,0,0
BRDA:453,71,1,0
BRDA:479,72,0,0
BRDA:486,73,0,4
BRDA:486,73,1,4
BRDA:488,74,0,4
BRDA:488,74,1,4
BRDA:491,75,0,3
BRDA:491,75,1,1
BRDA:492,76,0,3
BRDA:492,76,1,0
BRDA:493,77,0,1
BRDA:493,77,1,1
BRDA:493,77,2,0
BRDA:493,77,3,0
BRDA:497,78,0,3
BRDA:497,78,1,1
BRDA:498,79,0,3
BRDA:498,79,1,0
BRDA:499,80,0,1
BRDA:499,80,1,1
BRDA:499,80,2,0
BRDA:499,80,3,0
BRDA:500,81,0,4
BRDA:500,81,1,4
BRDA:501,82,0,4
BRDA:501,82,1,4
BRDA:502,83,0,4
BRDA:502,83,1,4
BRDA:503,84,0,4
BRDA:503,84,1,4
BRDA:505,85,0,0
BRDA:510,86,0,0
BRDA:510,86,1,4
BRDA:510,87,0,4
BRDA:510,87,1,4
BRDA:513,88,0,0
BRDA:513,88,1,4
BRDA:514,89,0,0
BRDA:514,89,1,4
BRDA:514,90,0,4
BRDA:514,90,1,4
BRDA:517,91,0,0
BRDA:523,92,0,0
BRDA:523,93,0,4
BRDA:523,93,1,4
BRDA:523,93,2,4
BRDA:530,94,0,4
BRDA:530,94,1,4
BRDA:530,94,2,4
BRDA:537,95,0,3
BRDA:537,95,1,3
BRDA:561,96,0,0
BRDA:572,97,0,0
BRDA:578,98,0,0
BRDA:578,99,0,6
BRDA:578,99,1,0
BRDA:582,100,0,0
BRDA:590,101,0,0
BRDA:597,102,0,5
BRDA:597,102,1,5
BRDA:597,102,2,5
BRDA:616,103,0,0
BRDA:629,104,0,4
BRDA:629,104,1,0
BRDA:634,105,0,4
BRDA:634,105,1,0
BRDA:635,106,0,4
BRDA:635,106,1,0
BRDA:636,107,0,4
BRDA:636,107,1,0
BRDA:638,108,0,0
BRDA:638,108,1,4
BRDA:638,109,0,4
BRDA:638,109,1,0
BRDA:642,110,0,0
BRDA:642,110,1,4
BRDA:642,111,0,4
BRDA:642,111,1,0
BRDA:646,112,0,4
BRDA:646,112,1,4
BRDA:647,113,0,4
BRDA:647,113,1,4
BRDA:648,114,0,4
BRDA:648,114,1,4
BRDA:660,115,0,0
BRDA:666,116,0,0
BRDA:666,116,1,0
BRDA:667,117,0,0
BRDA:667,117,1,0
BRDA:683,118,0,4
BRDA:685,119,0,4
BRDA:685,119,1,4
BRDA:685,119,2,2
BRDA:700,120,0,1
BRDA:700,120,1,3
BRDA:703,121,0,4
BRDA:703,121,1,4
BRDA:704,122,0,4
BRDA:704,122,1,4
BRDA:706,123,0,4
BRDA:706,123,1,0
BRDA:707,124,0,4
BRDA:707,124,1,0
BRDA:708,125,0,4
BRDA:708,125,1,0
BRDA:710,126,0,4
BRDA:710,126,1,4
BRDA:711,127,0,4
BRDA:711,127,1,4
BRDA:718,128,0,1
BRDA:734,129,0,1
BRDA:734,129,1,3
BRDA:734,130,0,4
BRDA:734,130,1,1
BRDA:753,131,0,1
BRDA:760,132,0,0
BRDA:774,133,0,1
BRDA:775,134,0,4
BRDA:775,134,1,3
BRDA:775,134,2,3
BRDA:775,134,3,3
BRDA:804,135,0,0
BRDA:810,136,0,0
BRDA:814,137,0,0
BRDA:818,138,0,0
BRDA:849,139,0,0
BRDA:855,140,0,0
BRDA:857,141,0,0
BRDA:857,141,1,0
BRDA:862,142,0,0
BRDA:910,143,0,1
BRDA:912,144,0,0
BRDA:921,145,0,0
BRDA:921,145,1,1
BRDA:928,146,0,0
BRDA:928,146,1,1
BRDA:928,147,0,0
BRDA:928,147,1,0
BRDA:934,148,0,3
BRDA:939,149,0,3
BRDA:944,150,0,8
BRDA:949,151,0,2
BRDA:949,151,1,1
BRDA:959,152,0,1
BRDA:970,153,0,1
BRDA:986,154,0,0
BRDA:993,155,0,11
BRDA:993,155,1,11
BRDA:1001,156,0,23
BRDA:1001,156,1,22
BRDA:1001,156,2,21
BRDA:1012,157,0,2
BRDA:1012,158,0,18
BRDA:1012,158,1,2
BRDA:1016,159,0,2
BRDA:1016,160,0,16
BRDA:1016,160,1,12
BRDA:1025,161,0,2
BRDA:1025,161,1,8
BRDA:1029,162,0,0
BRDA:1035,163,0,1
BRDA:1057,164,0,1
BRDA:1057,165,0,4
BRDA:1057,165,1,1
BRDA:1061,166,0,0
BRDA:1062,167,0,3
BRDA:1062,167,1,1
BRDA:1070,168,0,0
BRDA:1071,169,0,15
BRDA:1071,169,1,0
BRDA:1085,170,0,0
BRDA:1104,171,0,0
BRDA:1104,172,0,1
BRDA:1104,172,1,1
BRDA:1112,173,0,1
BRDA:1112,173,1,0
BRDA:1112,173,2,1
BRDA:1112,173,3,0
BRDA:1122,174,0,20
BRDA:1122,174,1,12
BRDA:1123,175,0,20
BRDA:1123,175,1,12
BRDA:1125,176,0,12
BRDA:1125,177,0,20
BRDA:1125,177,1,12
BRDA:1129,178,0,8
BRDA:1129,179,0,8
BRDA:1129,179,1,8
BRDA:1139,180,0,15
BRDA:1140,181,0,19
BRDA:1140,181,1,10
BRDA:1152,182,0,9
BRDA:1206,183,0,0
BRDA:1207,184,0,0
BRDA:1207,184,1,0
BRDA:1221,185,0,0
BRDA:1221,185,1,4
BRDA:1232,186,0,0
BRDA:1246,187,0,0
BRDA:1258,188,0,2
BRDA:1258,188,1,4
BRDA:1262,189,0,3
BRDA:1271,190,0,0
BRDA:1273,191,0,1
BRDA:1280,192,0,0
BRDA:1289,193,0,0
BRDA:1289,194,0,3
BRDA:1289,194,1,3
BRDA:1289,194,2,3
BRF:338
BRH:216
end_of_record
TN:
SF:src\modules\wfm\services\wfm-dashboard.service.ts
FN:74,toCount
FN:79,calculateRiskLevel
FN:85,toIsoString
FN:90,buildEffectiveVisitRequestStatusSql
FN:103,buildVisitRequestStatusReconciliationSql
FN:116,(anonymous_9)
FN:119,(anonymous_10)
FN:122,(anonymous_11)
FN:303,(anonymous_12)
FN:362,(anonymous_13)
FN:363,(anonymous_14)
FN:375,(anonymous_15)
FN:376,(anonymous_16)
FN:388,(anonymous_17)
FN:389,(anonymous_18)
FNF:15
FNH:15
FNDA:75,toCount
FNDA:3,calculateRiskLevel
FNDA:2,toIsoString
FNDA:6,buildEffectiveVisitRequestStatusSql
FNDA:6,buildVisitRequestStatusReconciliationSql
FNDA:6,(anonymous_9)
FNDA:6,(anonymous_10)
FNDA:6,(anonymous_11)
FNDA:3,(anonymous_12)
FNDA:3,(anonymous_13)
FNDA:1,(anonymous_14)
FNDA:3,(anonymous_15)
FNDA:1,(anonymous_16)
FNDA:3,(anonymous_17)
FNDA:1,(anonymous_18)
DA:1,7
DA:2,7
DA:3,7
DA:4,7
DA:5,7
DA:56,7
DA:63,7
DA:64,7
DA:65,7
DA:66,7
DA:67,7
DA:72,7
DA:75,75
DA:76,75
DA:80,3
DA:81,2
DA:82,2
DA:86,2
DA:87,2
DA:91,6
DA:104,6
DA:113,7
DA:114,6
DA:116,6
DA:120,6
DA:122,6
DA:123,6
DA:124,6
DA:125,6
DA:126,6
DA:127,6
DA:130,6
DA:140,6
DA:143,6
DA:152,6
DA:155,6
DA:156,6
DA:158,6
DA:168,6
DA:170,6
DA:179,6
DA:188,6
DA:189,6
DA:191,6
DA:202,6
DA:210,6
DA:211,6
DA:213,6
DA:224,6
DA:225,6
DA:262,6
DA:270,0
DA:283,6
DA:303,6
DA:304,3
DA:305,3
DA:310,3
DA:325,6
DA:345,6
DA:361,6
DA:362,3
DA:363,1
DA:374,6
DA:375,3
DA:376,1
DA:387,6
DA:388,3
DA:389,1
DA:400,6
LF:69
LH:68
BRDA:75,0,0,75
BRDA:75,0,1,12
BRDA:76,1,0,75
BRDA:76,1,1,0
BRDA:80,2,0,1
BRDA:81,3,0,0
BRDA:86,4,0,0
BRDA:87,5,0,2
BRDA:87,5,1,0
BRDA:140,6,0,6
BRDA:140,6,1,1
BRDA:152,7,0,6
BRDA:152,7,1,1
BRDA:168,8,0,6
BRDA:168,8,1,1
BRDA:272,9,0,0
BRDA:272,9,1,0
BRDA:312,10,0,3
BRDA:312,10,1,2
BRDA:368,11,0,1
BRDA:368,11,1,0
BRDA:369,12,0,1
BRDA:369,12,1,0
BRDA:370,13,0,1
BRDA:370,13,1,0
BRDA:381,14,0,1
BRDA:381,14,1,0
BRDA:382,15,0,1
BRDA:382,15,1,0
BRDA:383,16,0,1
BRDA:383,16,1,0
BRF:31
BRH:19
end_of_record
TN:
SF:src\modules\wfm\services\wfm-organization-sites.adapter.ts
FN:12,(anonymous_4)
FN:19,(anonymous_5)
FNF:2
FNH:2
FNDA:1,(anonymous_4)
FNDA:2,(anonymous_5)
DA:1,1
DA:2,1
DA:4,1
DA:8,1
DA:11,1
DA:14,1
DA:16,1
DA:20,2
DA:21,1
DA:24,1
LF:10
LH:10
BRDA:20,0,0,1
BRF:1
BRH:1
end_of_record
TN:
SF:src\modules\wfm\services\work-orders.service.ts
FN:43,isWorkOrderCodeUniqueViolation
FN:56,(anonymous_5)
FN:62,(anonymous_6)
FN:86,(anonymous_7)
FN:94,(anonymous_8)
FN:99,(anonymous_9)
FN:158,(anonymous_10)
FN:166,(anonymous_11)
FN:196,(anonymous_12)
FN:199,(anonymous_13)
FN:217,(anonymous_14)
FN:225,(anonymous_15)
FNF:12
FNH:8
FNDA:5,isWorkOrderCodeUniqueViolation
FNDA:10,(anonymous_5)
FNDA:2,(anonymous_6)
FNDA:0,(anonymous_7)
FNDA:0,(anonymous_8)
FNDA:2,(anonymous_9)
FNDA:5,(anonymous_10)
FNDA:3,(anonymous_11)
FNDA:0,(anonymous_12)
FNDA:0,(anonymous_13)
FNDA:4,(anonymous_14)
FNDA:4,(anonymous_15)
DA:1,10
DA:8,10
DA:9,10
DA:10,10
DA:11,10
DA:21,10
DA:22,10
DA:23,10
DA:31,10
DA:34,10
DA:36,10
DA:46,5
DA:47,0
DA:50,5
DA:51,5
DA:55,10
DA:56,10
DA:66,2
DA:67,2
DA:68,2
DA:70,2
DA:78,2
DA:79,2
DA:91,0
DA:92,0
DA:94,0
DA:95,0
DA:107,2
DA:108,5
DA:110,5
DA:125,5
DA:126,5
DA:128,1
DA:134,1
DA:136,1
DA:139,4
DA:140,1
DA:144,1
DA:149,0
DA:154,0
DA:162,5
DA:163,5
DA:164,5
DA:166,3
DA:167,3
DA:177,3
DA:178,0
DA:181,3
DA:182,3
DA:197,0
DA:199,0
DA:200,0
DA:204,0
DA:205,0
DA:208,0
DA:209,0
DA:212,0
DA:222,4
DA:223,4
DA:225,4
DA:226,4
DA:228,4
DA:229,1
DA:232,3
DA:233,1
DA:236,2
DA:237,1
DA:242,1
DA:245,1
DA:249,1
DA:250,1
DA:253,1
DA:254,1
LF:73
LH:57
BRDA:46,0,0,0
BRDA:51,1,0,5
BRDA:51,1,1,5
BRDA:113,2,0,5
BRDA:113,2,1,5
BRDA:115,3,0,5
BRDA:115,3,1,0
BRDA:117,4,0,5
BRDA:117,4,1,5
BRDA:118,5,0,5
BRDA:118,5,1,0
BRDA:119,6,0,5
BRDA:119,6,1,5
BRDA:121,7,0,5
BRDA:121,7,1,5
BRDA:139,8,0,1
BRDA:139,9,0,4
BRDA:139,9,1,4
BRDA:140,10,0,1
BRDA:141,11,0,1
BRDA:141,11,1,1
BRDA:160,12,0,0
BRDA:164,13,0,5
BRDA:164,13,1,0
BRDA:177,14,0,0
BRDA:204,15,0,0
BRDA:208,16,0,0
BRDA:208,17,0,0
BRDA:208,17,1,0
BRDA:228,18,0,1
BRDA:232,19,0,1
BRDA:232,20,0,3
BRDA:232,20,1,1
BRDA:236,21,0,1
BRDA:245,22,0,1
BRDA:246,23,0,1
BRDA:246,23,1,0
BRF:37
BRH:26
end_of_record
